#
# There is insufficient memory for the Java Runtime Environment to continue.
# Native memory allocation (malloc) failed to allocate 1256816 bytes for Chunk::new
# Possible reasons:
#   The system is out of physical RAM or swap space
#   The process is running with CompressedOops enabled, and the Java Heap may be blocking the growth of the native heap
# Possible solutions:
#   Reduce memory load on the system
#   Increase physical memory or swap space
#   Check if swap backing store is full
#   Decrease Java heap size (-Xmx/-Xms)
#   Decrease number of Java threads
#   Decrease Java thread stack sizes (-Xss)
#   Set larger code cache with -XX:ReservedCodeCacheSize=
#   JVM is running with Unscaled Compressed Oops mode in which the Java heap is
#     placed in the first 4GB address space. The Java Heap base address is the
#     maximum limit for the native heap growth. Please use -XX:HeapBaseMinAddress
#     to set the Java Heap base and to place the Java Heap above 4GB virtual address.
# This output file may be truncated or incomplete.
#
#  Out of Memory Error (./src/hotspot/share/memory/arena.cpp:197), pid=48820, tid=7240
#
# JRE version: OpenJDK Runtime Environment Corretto-11.0.17.8.1 (11.0.17+8) (build 11.0.17+8-LTS)
# Java VM: OpenJDK 64-Bit Server VM Corretto-11.0.17.8.1 (11.0.17+8-LTS, mixed mode, tiered, compressed oops, g1 gc, windows-amd64)
# No core dump will be written. Minidumps are not enabled by default on client versions of Windows
#

---------------  S U M M A R Y ------------

Command Line: -javaagent:C:\Program Files\JetBrains\IntelliJ IDEA Community Edition 2022.2.3\lib\idea_rt.jar=63671:C:\Program Files\JetBrains\IntelliJ IDEA Community Edition 2022.2.3\bin -Dfile.encoding=UTF-8 com.cybersoft.osahaneat.OsahaneatApplication

Host: Intel(R) Core(TM) i5-10210U CPU @ 1.60GHz, 8 cores, 7G,  Windows 11 , 64 bit Build 22000 (10.0.22000.1335)
Time: Tue Feb 21 19:17:38 2023 SE Asia Standard Time elapsed time: 16.525077 seconds (0d 0h 0m 16s)

---------------  T H R E A D  ---------------

Current thread (0x0000021c9c5c4800):  JavaThread "C2 CompilerThread1" daemon [_thread_in_native, id=7240, stack(0x000000aa9a700000,0x000000aa9a800000)]


Current CompileTask:
C2:  16525 3842   !   4       jdk.internal.loader.BuiltinClassLoader::findClassOnClassPathOrNull (64 bytes)

Stack: [0x000000aa9a700000,0x000000aa9a800000]
Native frames: (J=compiled Java code, j=interpreted, Vv=VM code, C=native code)
V  [jvm.dll+0x61f66a]
V  [jvm.dll+0x7ac889]
V  [jvm.dll+0x7adf78]
V  [jvm.dll+0x7ae653]
V  [jvm.dll+0x24fbe8]
V  [jvm.dll+0xc262c]
V  [jvm.dll+0xc2bec]
V  [jvm.dll+0x2c1a64]
V  [jvm.dll+0x52e3cc]
V  [jvm.dll+0x21113b]
V  [jvm.dll+0x20aea4]
V  [jvm.dll+0x20806b]
V  [jvm.dll+0x18a3c1]
V  [jvm.dll+0x217894]
V  [jvm.dll+0x215adb]
V  [jvm.dll+0x76f380]
V  [jvm.dll+0x7682b4]
V  [jvm.dll+0x61e4d5]
C  [ucrtbase.dll+0x26c0c]
C  [KERNEL32.DLL+0x155a0]
C  [ntdll.dll+0x485b]


---------------  P R O C E S S  ---------------

Threads class SMR info:
_java_thread_list=0x0000021c9c9d1980, length=18, elements={
0x0000021cf7a64000, 0x0000021cff2af000, 0x0000021cff2b1800, 0x0000021cff2ca800,
0x0000021cff2ce000, 0x0000021cff2d0000, 0x0000021cff2d1000, 0x0000021cff2d4800,
0x0000021cff2d5800, 0x0000021cffd93000, 0x0000021cffee7800, 0x0000021c9cde0800,
0x0000021c9da9d800, 0x0000021c9e180800, 0x0000021c9ad9a000, 0x0000021c9c5c4800,
0x0000021c9dfc0800, 0x0000021c9d0c9000
}

Java Threads: ( => current thread )
  0x0000021cf7a64000 JavaThread "main" [_thread_in_vm, id=4904, stack(0x000000aa98800000,0x000000aa98900000)]
  0x0000021cff2af000 JavaThread "Reference Handler" daemon [_thread_blocked, id=45120, stack(0x000000aa98f00000,0x000000aa99000000)]
  0x0000021cff2b1800 JavaThread "Finalizer" daemon [_thread_blocked, id=15916, stack(0x000000aa99000000,0x000000aa99100000)]
  0x0000021cff2ca800 JavaThread "Signal Dispatcher" daemon [_thread_blocked, id=50768, stack(0x000000aa99100000,0x000000aa99200000)]
  0x0000021cff2ce000 JavaThread "Attach Listener" daemon [_thread_blocked, id=7788, stack(0x000000aa99200000,0x000000aa99300000)]
  0x0000021cff2d0000 JavaThread "Service Thread" daemon [_thread_blocked, id=14804, stack(0x000000aa99300000,0x000000aa99400000)]
  0x0000021cff2d1000 JavaThread "C2 CompilerThread0" daemon [_thread_in_native, id=47412, stack(0x000000aa99400000,0x000000aa99500000)]
  0x0000021cff2d4800 JavaThread "C1 CompilerThread0" daemon [_thread_blocked, id=7592, stack(0x000000aa99500000,0x000000aa99600000)]
  0x0000021cff2d5800 JavaThread "Sweeper thread" daemon [_thread_blocked, id=51116, stack(0x000000aa99600000,0x000000aa99700000)]
  0x0000021cffd93000 JavaThread "Common-Cleaner" daemon [_thread_blocked, id=51888, stack(0x000000aa99700000,0x000000aa99800000)]
  0x0000021cffee7800 JavaThread "Monitor Ctrl-Break" daemon [_thread_in_native, id=44996, stack(0x000000aa99900000,0x000000aa99a00000)]
  0x0000021c9cde0800 JavaThread "Catalina-utility-1" [_thread_blocked, id=52496, stack(0x000000aa99d00000,0x000000aa99e00000)]
  0x0000021c9da9d800 JavaThread "Catalina-utility-2" [_thread_blocked, id=38640, stack(0x000000aa9a000000,0x000000aa9a100000)]
  0x0000021c9e180800 JavaThread "container-0" [_thread_blocked, id=9256, stack(0x000000aa9a100000,0x000000aa9a200000)]
  0x0000021c9ad9a000 JavaThread "mysql-cj-abandoned-connection-cleanup" daemon [_thread_blocked, id=16788, stack(0x000000aa9a200000,0x000000aa9a300000)]
=>0x0000021c9c5c4800 JavaThread "C2 CompilerThread1" daemon [_thread_in_native, id=7240, stack(0x000000aa9a700000,0x000000aa9a800000)]
  0x0000021c9dfc0800 JavaThread "HikariPool-1 housekeeper" daemon [_thread_blocked, id=48816, stack(0x000000aa9a800000,0x000000aa9a900000)]
  0x0000021c9d0c9000 JavaThread "HikariPool-1 connection adder" daemon [_thread_in_native, id=48720, stack(0x000000aa9a900000,0x000000aa9aa00000)]

Other Threads:
  0x0000021cff28c800 VMThread "VM Thread" [stack: 0x000000aa98e00000,0x000000aa98f00000] [id=8832]
  0x0000021c9987f800 WatcherThread [stack: 0x000000aa99a00000,0x000000aa99b00000] [id=52888]
  0x0000021cf7a7b000 GCTaskThread "GC Thread#0" [stack: 0x000000aa98900000,0x000000aa98a00000] [id=14264]
  0x0000021c9a1fa800 GCTaskThread "GC Thread#1" [stack: 0x000000aa99800000,0x000000aa99900000] [id=15292]
  0x0000021c9a1fb000 GCTaskThread "GC Thread#2" [stack: 0x000000aa99b00000,0x000000aa99c00000] [id=49432]
  0x0000021c9a37d000 GCTaskThread "GC Thread#3" [stack: 0x000000aa99e00000,0x000000aa99f00000] [id=46212]
  0x0000021c9ac5e800 GCTaskThread "GC Thread#4" [stack: 0x000000aa9a300000,0x000000aa9a400000] [id=52108]
  0x0000021c9a870800 GCTaskThread "GC Thread#5" [stack: 0x000000aa9a400000,0x000000aa9a500000] [id=11220]
  0x0000021c9c876800 GCTaskThread "GC Thread#6" [stack: 0x000000aa9a500000,0x000000aa9a600000] [id=17104]
  0x0000021c9a97c800 GCTaskThread "GC Thread#7" [stack: 0x000000aa9a600000,0x000000aa9a700000] [id=53000]
  0x0000021cf7ab0800 ConcurrentGCThread "G1 Main Marker" [stack: 0x000000aa98a00000,0x000000aa98b00000] [id=50468]
  0x0000021cf7ab3000 ConcurrentGCThread "G1 Conc#0" [stack: 0x000000aa98b00000,0x000000aa98c00000] [id=32960]
  0x0000021c9a382800 ConcurrentGCThread "G1 Conc#1" [stack: 0x000000aa99f00000,0x000000aa9a000000] [id=7608]
  0x0000021cff0f4800 ConcurrentGCThread "G1 Refine#0" [stack: 0x000000aa98c00000,0x000000aa98d00000] [id=30312]
  0x0000021cff0f7000 ConcurrentGCThread "G1 Young RemSet Sampling" [stack: 0x000000aa98d00000,0x000000aa98e00000] [id=48216]

Threads with active compile tasks:
C2 CompilerThread0    16570 3895       4       java.net.URLStreamHandler::toExternalForm (156 bytes)
C2 CompilerThread1    16570 3842   !   4       jdk.internal.loader.BuiltinClassLoader::findClassOnClassPathOrNull (64 bytes)

VM state:not at safepoint (normal execution)

VM Mutex/Monitor currently owned by a thread:  ([mutex/lock_event])
[0x0000021cf7a60cf0] SymbolTable_lock - owner thread: 0x0000000000000000

Heap address: 0x0000000083000000, size: 2000 MB, Compressed Oops mode: 32-bit
Narrow klass base: 0x0000000000000000, Narrow klass shift: 3
Compressed class space size: 1073741824 Address: 0x0000000100000000

Heap:
 garbage-first heap   total 155648K, used 25988K [0x0000000083000000, 0x0000000100000000)
  region size 1024K, 17 young (17408K), 8 survivors (8192K)
 Metaspace       used 50326K, capacity 51477K, committed 51580K, reserved 1093632K
  class space    used 6125K, capacity 6581K, committed 6604K, reserved 1048576K
Heap Regions: E=young(eden), S=young(survivor), O=old, HS=humongous(starts), HC=humongous(continues), CS=collection set, F=free, A=archive, TAMS=top-at-mark-start (previous, next)
|   0|0x0000000083000000, 0x0000000083100000, 0x0000000083100000|100%|HS|  |TAMS 0x0000000083100000, 0x0000000083000000| Complete 
|   1|0x0000000083100000, 0x0000000083200000, 0x0000000083200000|100%| O|  |TAMS 0x0000000083200000, 0x0000000083100000| Untracked 
|   2|0x0000000083200000, 0x0000000083300000, 0x0000000083300000|100%| O|  |TAMS 0x0000000083300000, 0x0000000083200000| Untracked 
|   3|0x0000000083300000, 0x0000000083400000, 0x0000000083400000|100%| O|  |TAMS 0x0000000083400000, 0x0000000083300000| Untracked 
|   4|0x0000000083400000, 0x0000000083500000, 0x0000000083500000|100%| O|  |TAMS 0x0000000083500000, 0x0000000083400000| Untracked 
|   5|0x0000000083500000, 0x0000000083600000, 0x0000000083600000|100%| O|  |TAMS 0x0000000083600000, 0x0000000083500000| Untracked 
|   6|0x0000000083600000, 0x0000000083700000, 0x0000000083700000|100%| O|  |TAMS 0x0000000083700000, 0x0000000083600000| Untracked 
|   7|0x0000000083700000, 0x0000000083800000, 0x0000000083800000|100%| O|  |TAMS 0x0000000083800000, 0x0000000083700000| Untracked 
|   8|0x0000000083800000, 0x0000000083900000, 0x0000000083900000|100%| O|  |TAMS 0x0000000083900000, 0x0000000083800000| Untracked 
|   9|0x0000000083900000, 0x00000000839e5600, 0x0000000083a00000| 89%| O|  |TAMS 0x00000000839e5600, 0x0000000083900000| Untracked 
|  10|0x0000000083a00000, 0x0000000083a00000, 0x0000000083b00000|  0%| F|  |TAMS 0x0000000083a00000, 0x0000000083a00000| Untracked 
|  11|0x0000000083b00000, 0x0000000083b00000, 0x0000000083c00000|  0%| F|  |TAMS 0x0000000083b00000, 0x0000000083b00000| Untracked 
|  12|0x0000000083c00000, 0x0000000083c00000, 0x0000000083d00000|  0%| F|  |TAMS 0x0000000083c00000, 0x0000000083c00000| Untracked 
|  13|0x0000000083d00000, 0x0000000083d00000, 0x0000000083e00000|  0%| F|  |TAMS 0x0000000083d00000, 0x0000000083d00000| Untracked 
|  14|0x0000000083e00000, 0x0000000083e00000, 0x0000000083f00000|  0%| F|  |TAMS 0x0000000083e00000, 0x0000000083e00000| Untracked 
|  15|0x0000000083f00000, 0x0000000083f00000, 0x0000000084000000|  0%| F|  |TAMS 0x0000000083f00000, 0x0000000083f00000| Untracked 
|  16|0x0000000084000000, 0x0000000084000000, 0x0000000084100000|  0%| F|  |TAMS 0x0000000084000000, 0x0000000084000000| Untracked 
|  17|0x0000000084100000, 0x0000000084100000, 0x0000000084200000|  0%| F|  |TAMS 0x0000000084100000, 0x0000000084100000| Untracked 
|  18|0x0000000084200000, 0x0000000084200000, 0x0000000084300000|  0%| F|  |TAMS 0x0000000084200000, 0x0000000084200000| Untracked 
|  19|0x0000000084300000, 0x0000000084300000, 0x0000000084400000|  0%| F|  |TAMS 0x0000000084300000, 0x0000000084300000| Untracked 
|  20|0x0000000084400000, 0x0000000084400000, 0x0000000084500000|  0%| F|  |TAMS 0x0000000084400000, 0x0000000084400000| Untracked 
|  21|0x0000000084500000, 0x0000000084500000, 0x0000000084600000|  0%| F|  |TAMS 0x0000000084500000, 0x0000000084500000| Untracked 
|  22|0x0000000084600000, 0x0000000084600000, 0x0000000084700000|  0%| F|  |TAMS 0x0000000084600000, 0x0000000084600000| Untracked 
|  23|0x0000000084700000, 0x0000000084700000, 0x0000000084800000|  0%| F|  |TAMS 0x0000000084700000, 0x0000000084700000| Untracked 
|  24|0x0000000084800000, 0x0000000084800000, 0x0000000084900000|  0%| F|  |TAMS 0x0000000084800000, 0x0000000084800000| Untracked 
|  25|0x0000000084900000, 0x0000000084900000, 0x0000000084a00000|  0%| F|  |TAMS 0x0000000084900000, 0x0000000084900000| Untracked 
|  26|0x0000000084a00000, 0x0000000084a00000, 0x0000000084b00000|  0%| F|  |TAMS 0x0000000084a00000, 0x0000000084a00000| Untracked 
|  27|0x0000000084b00000, 0x0000000084b00000, 0x0000000084c00000|  0%| F|  |TAMS 0x0000000084b00000, 0x0000000084b00000| Untracked 
|  28|0x0000000084c00000, 0x0000000084c00000, 0x0000000084d00000|  0%| F|  |TAMS 0x0000000084c00000, 0x0000000084c00000| Untracked 
|  29|0x0000000084d00000, 0x0000000084d00000, 0x0000000084e00000|  0%| F|  |TAMS 0x0000000084d00000, 0x0000000084d00000| Untracked 
|  30|0x0000000084e00000, 0x0000000084e00000, 0x0000000084f00000|  0%| F|  |TAMS 0x0000000084e00000, 0x0000000084e00000| Untracked 
|  31|0x0000000084f00000, 0x0000000084f00000, 0x0000000085000000|  0%| F|  |TAMS 0x0000000084f00000, 0x0000000084f00000| Untracked 
|  32|0x0000000085000000, 0x0000000085000000, 0x0000000085100000|  0%| F|  |TAMS 0x0000000085000000, 0x0000000085000000| Untracked 
|  33|0x0000000085100000, 0x0000000085100000, 0x0000000085200000|  0%| F|  |TAMS 0x0000000085100000, 0x0000000085100000| Untracked 
|  34|0x0000000085200000, 0x0000000085200000, 0x0000000085300000|  0%| F|  |TAMS 0x0000000085200000, 0x0000000085200000| Untracked 
|  35|0x0000000085300000, 0x0000000085300000, 0x0000000085400000|  0%| F|  |TAMS 0x0000000085300000, 0x0000000085300000| Untracked 
|  36|0x0000000085400000, 0x0000000085400000, 0x0000000085500000|  0%| F|  |TAMS 0x0000000085400000, 0x0000000085400000| Untracked 
|  37|0x0000000085500000, 0x0000000085500000, 0x0000000085600000|  0%| F|  |TAMS 0x0000000085500000, 0x0000000085500000| Untracked 
|  38|0x0000000085600000, 0x0000000085600000, 0x0000000085700000|  0%| F|  |TAMS 0x0000000085600000, 0x0000000085600000| Untracked 
|  39|0x0000000085700000, 0x0000000085700000, 0x0000000085800000|  0%| F|  |TAMS 0x0000000085700000, 0x0000000085700000| Untracked 
|  40|0x0000000085800000, 0x0000000085800000, 0x0000000085900000|  0%| F|  |TAMS 0x0000000085800000, 0x0000000085800000| Untracked 
|  41|0x0000000085900000, 0x0000000085900000, 0x0000000085a00000|  0%| F|  |TAMS 0x0000000085900000, 0x0000000085900000| Untracked 
|  42|0x0000000085a00000, 0x0000000085a00000, 0x0000000085b00000|  0%| F|  |TAMS 0x0000000085a00000, 0x0000000085a00000| Untracked 
|  43|0x0000000085b00000, 0x0000000085b00000, 0x0000000085c00000|  0%| F|  |TAMS 0x0000000085b00000, 0x0000000085b00000| Untracked 
|  44|0x0000000085c00000, 0x0000000085c00000, 0x0000000085d00000|  0%| F|  |TAMS 0x0000000085c00000, 0x0000000085c00000| Untracked 
|  45|0x0000000085d00000, 0x0000000085d00000, 0x0000000085e00000|  0%| F|  |TAMS 0x0000000085d00000, 0x0000000085d00000| Untracked 
|  46|0x0000000085e00000, 0x0000000085e00000, 0x0000000085f00000|  0%| F|  |TAMS 0x0000000085e00000, 0x0000000085e00000| Untracked 
|  47|0x0000000085f00000, 0x0000000085f00000, 0x0000000086000000|  0%| F|  |TAMS 0x0000000085f00000, 0x0000000085f00000| Untracked 
|  48|0x0000000086000000, 0x0000000086000000, 0x0000000086100000|  0%| F|  |TAMS 0x0000000086000000, 0x0000000086000000| Untracked 
|  49|0x0000000086100000, 0x0000000086100000, 0x0000000086200000|  0%| F|  |TAMS 0x0000000086100000, 0x0000000086100000| Untracked 
|  50|0x0000000086200000, 0x0000000086200000, 0x0000000086300000|  0%| F|  |TAMS 0x0000000086200000, 0x0000000086200000| Untracked 
|  51|0x0000000086300000, 0x0000000086300000, 0x0000000086400000|  0%| F|  |TAMS 0x0000000086300000, 0x0000000086300000| Untracked 
|  52|0x0000000086400000, 0x0000000086400000, 0x0000000086500000|  0%| F|  |TAMS 0x0000000086400000, 0x0000000086400000| Untracked 
|  53|0x0000000086500000, 0x0000000086500000, 0x0000000086600000|  0%| F|  |TAMS 0x0000000086500000, 0x0000000086500000| Untracked 
|  54|0x0000000086600000, 0x0000000086600000, 0x0000000086700000|  0%| F|  |TAMS 0x0000000086600000, 0x0000000086600000| Untracked 
|  55|0x0000000086700000, 0x0000000086700000, 0x0000000086800000|  0%| F|  |TAMS 0x0000000086700000, 0x0000000086700000| Untracked 
|  56|0x0000000086800000, 0x0000000086800000, 0x0000000086900000|  0%| F|  |TAMS 0x0000000086800000, 0x0000000086800000| Untracked 
|  57|0x0000000086900000, 0x0000000086900000, 0x0000000086a00000|  0%| F|  |TAMS 0x0000000086900000, 0x0000000086900000| Untracked 
|  58|0x0000000086a00000, 0x0000000086a00000, 0x0000000086b00000|  0%| F|  |TAMS 0x0000000086a00000, 0x0000000086a00000| Untracked 
|  59|0x0000000086b00000, 0x0000000086b00000, 0x0000000086c00000|  0%| F|  |TAMS 0x0000000086b00000, 0x0000000086b00000| Untracked 
|  60|0x0000000086c00000, 0x0000000086c00000, 0x0000000086d00000|  0%| F|  |TAMS 0x0000000086c00000, 0x0000000086c00000| Untracked 
|  61|0x0000000086d00000, 0x0000000086d00000, 0x0000000086e00000|  0%| F|  |TAMS 0x0000000086d00000, 0x0000000086d00000| Untracked 
|  62|0x0000000086e00000, 0x0000000086e00000, 0x0000000086f00000|  0%| F|  |TAMS 0x0000000086e00000, 0x0000000086e00000| Untracked 
|  63|0x0000000086f00000, 0x0000000086f00000, 0x0000000087000000|  0%| F|  |TAMS 0x0000000086f00000, 0x0000000086f00000| Untracked 
|  64|0x0000000087000000, 0x0000000087000000, 0x0000000087100000|  0%| F|  |TAMS 0x0000000087000000, 0x0000000087000000| Untracked 
|  65|0x0000000087100000, 0x0000000087100000, 0x0000000087200000|  0%| F|  |TAMS 0x0000000087100000, 0x0000000087100000| Untracked 
|  66|0x0000000087200000, 0x0000000087200000, 0x0000000087300000|  0%| F|  |TAMS 0x0000000087200000, 0x0000000087200000| Untracked 
|  67|0x0000000087300000, 0x0000000087300000, 0x0000000087400000|  0%| F|  |TAMS 0x0000000087300000, 0x0000000087300000| Untracked 
|  68|0x0000000087400000, 0x0000000087400000, 0x0000000087500000|  0%| F|  |TAMS 0x0000000087400000, 0x0000000087400000| Untracked 
|  69|0x0000000087500000, 0x0000000087500000, 0x0000000087600000|  0%| F|  |TAMS 0x0000000087500000, 0x0000000087500000| Untracked 
|  70|0x0000000087600000, 0x0000000087600000, 0x0000000087700000|  0%| F|  |TAMS 0x0000000087600000, 0x0000000087600000| Untracked 
|  71|0x0000000087700000, 0x0000000087700000, 0x0000000087800000|  0%| F|  |TAMS 0x0000000087700000, 0x0000000087700000| Untracked 
|  72|0x0000000087800000, 0x0000000087800000, 0x0000000087900000|  0%| F|  |TAMS 0x0000000087800000, 0x0000000087800000| Untracked 
|  73|0x0000000087900000, 0x0000000087900000, 0x0000000087a00000|  0%| F|  |TAMS 0x0000000087900000, 0x0000000087900000| Untracked 
|  74|0x0000000087a00000, 0x0000000087a00000, 0x0000000087b00000|  0%| F|  |TAMS 0x0000000087a00000, 0x0000000087a00000| Untracked 
|  75|0x0000000087b00000, 0x0000000087b00000, 0x0000000087c00000|  0%| F|  |TAMS 0x0000000087b00000, 0x0000000087b00000| Untracked 
|  76|0x0000000087c00000, 0x0000000087c00000, 0x0000000087d00000|  0%| F|  |TAMS 0x0000000087c00000, 0x0000000087c00000| Untracked 
|  77|0x0000000087d00000, 0x0000000087d00000, 0x0000000087e00000|  0%| F|  |TAMS 0x0000000087d00000, 0x0000000087d00000| Untracked 
|  78|0x0000000087e00000, 0x0000000087e00000, 0x0000000087f00000|  0%| F|  |TAMS 0x0000000087e00000, 0x0000000087e00000| Untracked 
|  79|0x0000000087f00000, 0x0000000087f00000, 0x0000000088000000|  0%| F|  |TAMS 0x0000000087f00000, 0x0000000087f00000| Untracked 
|  80|0x0000000088000000, 0x0000000088000000, 0x0000000088100000|  0%| F|  |TAMS 0x0000000088000000, 0x0000000088000000| Untracked 
|  81|0x0000000088100000, 0x0000000088100000, 0x0000000088200000|  0%| F|  |TAMS 0x0000000088100000, 0x0000000088100000| Untracked 
|  82|0x0000000088200000, 0x0000000088200000, 0x0000000088300000|  0%| F|  |TAMS 0x0000000088200000, 0x0000000088200000| Untracked 
|  83|0x0000000088300000, 0x000000008837ba08, 0x0000000088400000| 48%| S|CS|TAMS 0x0000000088300000, 0x0000000088300000| Complete 
|  84|0x0000000088400000, 0x0000000088500000, 0x0000000088500000|100%| S|CS|TAMS 0x0000000088400000, 0x0000000088400000| Complete 
|  85|0x0000000088500000, 0x0000000088600000, 0x0000000088600000|100%| S|CS|TAMS 0x0000000088500000, 0x0000000088500000| Complete 
|  86|0x0000000088600000, 0x0000000088700000, 0x0000000088700000|100%| S|CS|TAMS 0x0000000088600000, 0x0000000088600000| Complete 
|  87|0x0000000088700000, 0x0000000088800000, 0x0000000088800000|100%| S|CS|TAMS 0x0000000088700000, 0x0000000088700000| Complete 
|  88|0x0000000088800000, 0x0000000088900000, 0x0000000088900000|100%| S|CS|TAMS 0x0000000088800000, 0x0000000088800000| Complete 
|  89|0x0000000088900000, 0x0000000088a00000, 0x0000000088a00000|100%| S|CS|TAMS 0x0000000088900000, 0x0000000088900000| Complete 
|  90|0x0000000088a00000, 0x0000000088b00000, 0x0000000088b00000|100%| S|CS|TAMS 0x0000000088a00000, 0x0000000088a00000| Complete 
|  91|0x0000000088b00000, 0x0000000088b00000, 0x0000000088c00000|  0%| F|  |TAMS 0x0000000088b00000, 0x0000000088b00000| Untracked 
|  92|0x0000000088c00000, 0x0000000088c00000, 0x0000000088d00000|  0%| F|  |TAMS 0x0000000088c00000, 0x0000000088c00000| Untracked 
|  93|0x0000000088d00000, 0x0000000088d00000, 0x0000000088e00000|  0%| F|  |TAMS 0x0000000088d00000, 0x0000000088d00000| Untracked 
|  94|0x0000000088e00000, 0x0000000088e00000, 0x0000000088f00000|  0%| F|  |TAMS 0x0000000088e00000, 0x0000000088e00000| Untracked 
|  95|0x0000000088f00000, 0x0000000088f00000, 0x0000000089000000|  0%| F|  |TAMS 0x0000000088f00000, 0x0000000088f00000| Untracked 
|  96|0x0000000089000000, 0x0000000089000000, 0x0000000089100000|  0%| F|  |TAMS 0x0000000089000000, 0x0000000089000000| Untracked 
|  97|0x0000000089100000, 0x0000000089100000, 0x0000000089200000|  0%| F|  |TAMS 0x0000000089100000, 0x0000000089100000| Untracked 
|  98|0x0000000089200000, 0x0000000089200000, 0x0000000089300000|  0%| F|  |TAMS 0x0000000089200000, 0x0000000089200000| Untracked 
|  99|0x0000000089300000, 0x0000000089300000, 0x0000000089400000|  0%| F|  |TAMS 0x0000000089300000, 0x0000000089300000| Untracked 
| 100|0x0000000089400000, 0x0000000089400000, 0x0000000089500000|  0%| F|  |TAMS 0x0000000089400000, 0x0000000089400000| Untracked 
| 101|0x0000000089500000, 0x0000000089500000, 0x0000000089600000|  0%| F|  |TAMS 0x0000000089500000, 0x0000000089500000| Untracked 
| 102|0x0000000089600000, 0x0000000089600000, 0x0000000089700000|  0%| F|  |TAMS 0x0000000089600000, 0x0000000089600000| Untracked 
| 103|0x0000000089700000, 0x0000000089700000, 0x0000000089800000|  0%| F|  |TAMS 0x0000000089700000, 0x0000000089700000| Untracked 
| 104|0x0000000089800000, 0x0000000089800000, 0x0000000089900000|  0%| F|  |TAMS 0x0000000089800000, 0x0000000089800000| Untracked 
| 105|0x0000000089900000, 0x0000000089900000, 0x0000000089a00000|  0%| F|  |TAMS 0x0000000089900000, 0x0000000089900000| Untracked 
| 106|0x0000000089a00000, 0x0000000089a00000, 0x0000000089b00000|  0%| F|  |TAMS 0x0000000089a00000, 0x0000000089a00000| Untracked 
| 107|0x0000000089b00000, 0x0000000089b00000, 0x0000000089c00000|  0%| F|  |TAMS 0x0000000089b00000, 0x0000000089b00000| Untracked 
| 108|0x0000000089c00000, 0x0000000089c00000, 0x0000000089d00000|  0%| F|  |TAMS 0x0000000089c00000, 0x0000000089c00000| Untracked 
| 109|0x0000000089d00000, 0x0000000089d00000, 0x0000000089e00000|  0%| F|  |TAMS 0x0000000089d00000, 0x0000000089d00000| Untracked 
| 110|0x0000000089e00000, 0x0000000089e00000, 0x0000000089f00000|  0%| F|  |TAMS 0x0000000089e00000, 0x0000000089e00000| Untracked 
| 111|0x0000000089f00000, 0x0000000089f00000, 0x000000008a000000|  0%| F|  |TAMS 0x0000000089f00000, 0x0000000089f00000| Untracked 
| 112|0x000000008a000000, 0x000000008a000000, 0x000000008a100000|  0%| F|  |TAMS 0x000000008a000000, 0x000000008a000000| Untracked 
| 113|0x000000008a100000, 0x000000008a100000, 0x000000008a200000|  0%| F|  |TAMS 0x000000008a100000, 0x000000008a100000| Untracked 
| 114|0x000000008a200000, 0x000000008a200000, 0x000000008a300000|  0%| F|  |TAMS 0x000000008a200000, 0x000000008a200000| Untracked 
| 115|0x000000008a300000, 0x000000008a300000, 0x000000008a400000|  0%| F|  |TAMS 0x000000008a300000, 0x000000008a300000| Untracked 
| 116|0x000000008a400000, 0x000000008a400000, 0x000000008a500000|  0%| F|  |TAMS 0x000000008a400000, 0x000000008a400000| Untracked 
| 117|0x000000008a500000, 0x000000008a500000, 0x000000008a600000|  0%| F|  |TAMS 0x000000008a500000, 0x000000008a500000| Untracked 
| 118|0x000000008a600000, 0x000000008a600000, 0x000000008a700000|  0%| F|  |TAMS 0x000000008a600000, 0x000000008a600000| Untracked 
| 119|0x000000008a700000, 0x000000008a700000, 0x000000008a800000|  0%| F|  |TAMS 0x000000008a700000, 0x000000008a700000| Untracked 
| 120|0x000000008a800000, 0x000000008a800000, 0x000000008a900000|  0%| F|  |TAMS 0x000000008a800000, 0x000000008a800000| Untracked 
| 121|0x000000008a900000, 0x000000008a900000, 0x000000008aa00000|  0%| F|  |TAMS 0x000000008a900000, 0x000000008a900000| Untracked 
| 122|0x000000008aa00000, 0x000000008aa00000, 0x000000008ab00000|  0%| F|  |TAMS 0x000000008aa00000, 0x000000008aa00000| Untracked 
| 123|0x000000008ab00000, 0x000000008ab00000, 0x000000008ac00000|  0%| F|  |TAMS 0x000000008ab00000, 0x000000008ab00000| Untracked 
| 124|0x000000008ac00000, 0x000000008ac00000, 0x000000008ad00000|  0%| F|  |TAMS 0x000000008ac00000, 0x000000008ac00000| Untracked 
| 125|0x000000008ad00000, 0x000000008ad00000, 0x000000008ae00000|  0%| F|  |TAMS 0x000000008ad00000, 0x000000008ad00000| Untracked 
| 126|0x000000008ae00000, 0x000000008ae00000, 0x000000008af00000|  0%| F|  |TAMS 0x000000008ae00000, 0x000000008ae00000| Untracked 
| 127|0x000000008af00000, 0x000000008af00000, 0x000000008b000000|  0%| F|  |TAMS 0x000000008af00000, 0x000000008af00000| Untracked 
| 128|0x000000008b000000, 0x000000008b000000, 0x000000008b100000|  0%| F|  |TAMS 0x000000008b000000, 0x000000008b000000| Untracked 
| 129|0x000000008b100000, 0x000000008b100000, 0x000000008b200000|  0%| F|  |TAMS 0x000000008b100000, 0x000000008b100000| Untracked 
| 130|0x000000008b200000, 0x000000008b200000, 0x000000008b300000|  0%| F|  |TAMS 0x000000008b200000, 0x000000008b200000| Untracked 
| 131|0x000000008b300000, 0x000000008b300000, 0x000000008b400000|  0%| F|  |TAMS 0x000000008b300000, 0x000000008b300000| Untracked 
| 132|0x000000008b400000, 0x000000008b400000, 0x000000008b500000|  0%| F|  |TAMS 0x000000008b400000, 0x000000008b400000| Untracked 
| 133|0x000000008b500000, 0x000000008b500000, 0x000000008b600000|  0%| F|  |TAMS 0x000000008b500000, 0x000000008b500000| Untracked 
| 134|0x000000008b600000, 0x000000008b600000, 0x000000008b700000|  0%| F|  |TAMS 0x000000008b600000, 0x000000008b600000| Untracked 
| 135|0x000000008b700000, 0x000000008b700000, 0x000000008b800000|  0%| F|  |TAMS 0x000000008b700000, 0x000000008b700000| Untracked 
| 136|0x000000008b800000, 0x000000008b800000, 0x000000008b900000|  0%| F|  |TAMS 0x000000008b800000, 0x000000008b800000| Untracked 
| 137|0x000000008b900000, 0x000000008b900000, 0x000000008ba00000|  0%| F|  |TAMS 0x000000008b900000, 0x000000008b900000| Untracked 
| 138|0x000000008ba00000, 0x000000008ba00000, 0x000000008bb00000|  0%| F|  |TAMS 0x000000008ba00000, 0x000000008ba00000| Untracked 
| 139|0x000000008bb00000, 0x000000008bb00000, 0x000000008bc00000|  0%| F|  |TAMS 0x000000008bb00000, 0x000000008bb00000| Untracked 
| 140|0x000000008bc00000, 0x000000008bc00000, 0x000000008bd00000|  0%| F|  |TAMS 0x000000008bc00000, 0x000000008bc00000| Untracked 
| 141|0x000000008bd00000, 0x000000008bd00000, 0x000000008be00000|  0%| F|  |TAMS 0x000000008bd00000, 0x000000008bd00000| Untracked 
| 142|0x000000008be00000, 0x000000008be80800, 0x000000008bf00000| 50%| E|  |TAMS 0x000000008be00000, 0x000000008be00000| Complete 
| 143|0x000000008bf00000, 0x000000008c000000, 0x000000008c000000|100%| E|CS|TAMS 0x000000008bf00000, 0x000000008bf00000| Complete 
| 144|0x000000008c000000, 0x000000008c100000, 0x000000008c100000|100%| E|CS|TAMS 0x000000008c000000, 0x000000008c000000| Complete 
| 145|0x000000008c100000, 0x000000008c200000, 0x000000008c200000|100%| E|CS|TAMS 0x000000008c100000, 0x000000008c100000| Complete 
| 146|0x000000008c200000, 0x000000008c300000, 0x000000008c300000|100%| E|CS|TAMS 0x000000008c200000, 0x000000008c200000| Complete 
| 147|0x000000008c300000, 0x000000008c400000, 0x000000008c400000|100%| E|CS|TAMS 0x000000008c300000, 0x000000008c300000| Complete 
| 148|0x000000008c400000, 0x000000008c500000, 0x000000008c500000|100%| E|CS|TAMS 0x000000008c400000, 0x000000008c400000| Complete 
| 149|0x000000008c500000, 0x000000008c600000, 0x000000008c600000|100%| E|CS|TAMS 0x000000008c500000, 0x000000008c500000| Complete 
| 150|0x000000008c600000, 0x000000008c700000, 0x000000008c700000|100%| E|CS|TAMS 0x000000008c600000, 0x000000008c600000| Complete 
| 151|0x000000008c700000, 0x000000008c800000, 0x000000008c800000|100%| E|CS|TAMS 0x000000008c700000, 0x000000008c700000| Complete 

Card table byte_map: [0x0000021cfa170000,0x0000021cfa560000] _byte_map_base: 0x0000021cf9d58000

Marking Bits (Prev, Next): (CMBitMap*) 0x0000021cf7aa81f0, (CMBitMap*) 0x0000021cf7aa81b8
 Prev Bits: [0x0000021cfc890000, 0x0000021cfe7d0000)
 Next Bits: [0x0000021cfa950000, 0x0000021cfc890000)

Polling page: 0x0000021cf7b40000

Metaspace:

Usage:
  Non-class:     43.84 MB capacity,    43.18 MB ( 98%) used,   530.70 KB (  1%) free+waste,   148.75 KB ( <1%) overhead. 
      Class:      6.43 MB capacity,     5.98 MB ( 93%) used,   382.09 KB (  6%) free+waste,    70.75 KB (  1%) overhead. 
       Both:     50.27 MB capacity,    49.16 MB ( 98%) used,   912.80 KB (  2%) free+waste,   219.50 KB ( <1%) overhead. 

Virtual space:
  Non-class space:       44.00 MB reserved,      43.92 MB (>99%) committed 
      Class space:        1.00 GB reserved,       6.45 MB ( <1%) committed 
             Both:        1.04 GB reserved,      50.37 MB (  5%) committed 

Chunk freelists:
   Non-Class:  16.00 KB
       Class:  11.00 KB
        Both:  27.00 KB

MaxMetaspaceSize: 17179869184.00 GB
CompressedClassSpaceSize: 1.00 GB
Initial GC threshold: 20.80 MB
Current GC threshold: 77.91 MB
CDS: off

CodeHeap 'non-profiled nmethods': size=120000Kb used=2200Kb max_used=2200Kb free=117799Kb
 bounds [0x0000021c90170000, 0x0000021c903e0000, 0x0000021c976a0000]
CodeHeap 'profiled nmethods': size=120000Kb used=8947Kb max_used=8947Kb free=111052Kb
 bounds [0x0000021c88c40000, 0x0000021c89500000, 0x0000021c90170000]
CodeHeap 'non-nmethods': size=5760Kb used=1258Kb max_used=1302Kb free=4501Kb
 bounds [0x0000021c886a0000, 0x0000021c88910000, 0x0000021c88c40000]
 total_blobs=4425 nmethods=3882 adapters=455
 compilation: enabled
              stopped_count=0, restarted_count=0
 full_count=0

Compilation events (20 events):
Event: 16.468 Thread 0x0000021cff2d4800 3880   !   3       javax.crypto.Mac::chooseFirstProvider (236 bytes)
Event: 16.470 Thread 0x0000021cff2d4800 nmethod 3880 0x0000021c894edf10 code [0x0000021c894ee1c0, 0x0000021c894ef1b8]
Event: 16.470 Thread 0x0000021cff2d4800 3881       3       sun.security.jca.Providers::getThreadProviderList (18 bytes)
Event: 16.470 Thread 0x0000021cff2d4800 nmethod 3881 0x0000021c894ef710 code [0x0000021c894ef8e0, 0x0000021c894efba8]
Event: 16.470 Thread 0x0000021cff2d4800 3882       3       sun.security.jca.Providers::getSystemProviderList (4 bytes)
Event: 16.470 Thread 0x0000021cff2d4800 nmethod 3882 0x0000021c894efc90 code [0x0000021c894efe40, 0x0000021c894eff38]
Event: 16.472 Thread 0x0000021cff2d4800 3883       3       sun.security.ssl.Record::verifyLength (19 bytes)
Event: 16.472 Thread 0x0000021cff2d4800 nmethod 3883 0x0000021c894eff90 code [0x0000021c894f0160, 0x0000021c894f0408]
Event: 16.472 Thread 0x0000021cff2d4800 3884       3       sun.security.provider.ByteArrayAccess::b2lBig128 (350 bytes)
Event: 16.473 Thread 0x0000021cff2d4800 nmethod 3884 0x0000021c894f0590 code [0x0000021c894f0860, 0x0000021c894f11a8]
Event: 16.473 Thread 0x0000021cff2d4800 3885   !   3       java.nio.charset.Charset::defaultCharset (53 bytes)
Event: 16.475 Thread 0x0000021cff2d4800 nmethod 3885 0x0000021c894f1610 code [0x0000021c894f1900, 0x0000021c894f2838]
Event: 16.475 Thread 0x0000021cff2d4800 3887       3       sun.security.provider.ByteArrayAccess::i2bBig4 (111 bytes)
Event: 16.476 Thread 0x0000021cff2d4800 nmethod 3887 0x0000021c894f2e10 code [0x0000021c894f2fe0, 0x0000021c894f32c8]
Event: 16.481 Thread 0x0000021cff2d1000 nmethod 3869 0x0000021c90393b10 code [0x0000021c90393ca0, 0x0000021c90394018]
Event: 16.482 Thread 0x0000021cff2d1000 3886 %     4       com.sun.crypto.provider.GHASH::blockMult @ 121 (245 bytes)
Event: 16.482 Thread 0x0000021cff2d4800 3888       3       java.nio.Buffer::<init> (99 bytes)
Event: 16.483 Thread 0x0000021cff2d4800 nmethod 3888 0x0000021c894f3410 code [0x0000021c894f3700, 0x0000021c894f4438]
Event: 16.493 Thread 0x0000021cff2d1000 nmethod 3886% 0x0000021c90394290 code [0x0000021c90394420, 0x0000021c90394838]
Event: 16.493 Thread 0x0000021cff2d1000 3855       4       java.util.WeakHashMap::put (162 bytes)

GC Heap History (12 events):
Event: 2.189 GC heap before
{Heap before GC invocations=0 (full 0):
 garbage-first heap   total 129024K, used 24576K [0x0000000083000000, 0x0000000100000000)
  region size 1024K, 24 young (24576K), 0 survivors (0K)
 Metaspace       used 12551K, capacity 12742K, committed 12928K, reserved 1060864K
  class space    used 1217K, capacity 1296K, committed 1408K, reserved 1048576K
}
Event: 2.202 GC heap after
{Heap after GC invocations=1 (full 0):
 garbage-first heap   total 129024K, used 6521K [0x0000000083000000, 0x0000000100000000)
  region size 1024K, 3 young (3072K), 3 survivors (3072K)
 Metaspace       used 12551K, capacity 12742K, committed 12928K, reserved 1060864K
  class space    used 1217K, capacity 1296K, committed 1408K, reserved 1048576K
}
Event: 3.830 GC heap before
{Heap before GC invocations=1 (full 0):
 garbage-first heap   total 129024K, used 29049K [0x0000000083000000, 0x0000000100000000)
  region size 1024K, 25 young (25600K), 3 survivors (3072K)
 Metaspace       used 17543K, capacity 18054K, committed 18304K, reserved 1064960K
  class space    used 1869K, capacity 2052K, committed 2176K, reserved 1048576K
}
Event: 3.844 GC heap after
{Heap after GC invocations=2 (full 0):
 garbage-first heap   total 129024K, used 7876K [0x0000000083000000, 0x0000000100000000)
  region size 1024K, 2 young (2048K), 2 survivors (2048K)
 Metaspace       used 17543K, capacity 18054K, committed 18304K, reserved 1064960K
  class space    used 1869K, capacity 2052K, committed 2176K, reserved 1048576K
}
Event: 4.336 GC heap before
{Heap before GC invocations=2 (full 0):
 garbage-first heap   total 129024K, used 22212K [0x0000000083000000, 0x0000000100000000)
  region size 1024K, 18 young (18432K), 2 survivors (2048K)
 Metaspace       used 20703K, capacity 21205K, committed 21296K, reserved 1069056K
  class space    used 2222K, capacity 2404K, committed 2432K, reserved 1048576K
}
Event: 4.341 GC heap after
{Heap after GC invocations=3 (full 0):
 garbage-first heap   total 129024K, used 8287K [0x0000000083000000, 0x0000000100000000)
  region size 1024K, 2 young (2048K), 2 survivors (2048K)
 Metaspace       used 20703K, capacity 21205K, committed 21296K, reserved 1069056K
  class space    used 2222K, capacity 2404K, committed 2432K, reserved 1048576K
}
Event: 7.669 GC heap before
{Heap before GC invocations=4 (full 0):
 garbage-first heap   total 129024K, used 68703K [0x0000000083000000, 0x0000000100000000)
  region size 1024K, 62 young (63488K), 2 survivors (2048K)
 Metaspace       used 27883K, capacity 28560K, committed 28668K, reserved 1075200K
  class space    used 3100K, capacity 3358K, committed 3404K, reserved 1048576K
}
Event: 7.690 GC heap after
{Heap after GC invocations=5 (full 0):
 garbage-first heap   total 129024K, used 10414K [0x0000000083000000, 0x0000000100000000)
  region size 1024K, 4 young (4096K), 4 survivors (4096K)
 Metaspace       used 27883K, capacity 28560K, committed 28668K, reserved 1075200K
  class space    used 3100K, capacity 3358K, committed 3404K, reserved 1048576K
}
Event: 13.725 GC heap before
{Heap before GC invocations=6 (full 0):
 garbage-first heap   total 129024K, used 80046K [0x0000000083000000, 0x0000000100000000)
  region size 1024K, 72 young (73728K), 4 survivors (4096K)
 Metaspace       used 38014K, capacity 39011K, committed 39164K, reserved 1083392K
  class space    used 4400K, capacity 4810K, committed 4940K, reserved 1048576K
}
Event: 13.781 GC heap after
{Heap after GC invocations=7 (full 0):
 garbage-first heap   total 129024K, used 14560K [0x0000000083000000, 0x0000000100000000)
  region size 1024K, 8 young (8192K), 8 survivors (8192K)
 Metaspace       used 38014K, capacity 39011K, committed 39164K, reserved 1083392K
  class space    used 4400K, capacity 4810K, committed 4940K, reserved 1048576K
}
Event: 15.883 GC heap before
{Heap before GC invocations=7 (full 0):
 garbage-first heap   total 129024K, used 49376K [0x0000000083000000, 0x0000000100000000)
  region size 1024K, 43 young (44032K), 8 survivors (8192K)
 Metaspace       used 46440K, capacity 47597K, committed 47740K, reserved 1091584K
  class space    used 5603K, capacity 6079K, committed 6092K, reserved 1048576K
}
Event: 15.911 GC heap after
{Heap after GC invocations=8 (full 0):
 garbage-first heap   total 155648K, used 17796K [0x0000000083000000, 0x0000000100000000)
  region size 1024K, 8 young (8192K), 8 survivors (8192K)
 Metaspace       used 46440K, capacity 47597K, committed 47740K, reserved 1091584K
  class space    used 5603K, capacity 6079K, committed 6092K, reserved 1048576K
}

Deoptimization events (20 events):
Event: 15.662 Thread 0x0000021cf7a64000 DEOPT PACKING pc=0x0000021c902fe5d0 sp=0x000000aa988fc960
Event: 15.662 Thread 0x0000021cf7a64000 DEOPT UNPACKING pc=0x0000021c886ea1af sp=0x000000aa988fc8e8 mode 2
Event: 15.757 Thread 0x0000021cf7a64000 Uncommon trap: trap_request=0xffffff4d fr.pc=0x0000021c90226414 relative=0x00000000000009d4
Event: 15.757 Thread 0x0000021cf7a64000 Uncommon trap: reason=unstable_if action=reinterpret pc=0x0000021c90226414 method=sun.net.util.IPAddressUtil.scan(Ljava/lang/String;JJ[C)I @ 14 c2
Event: 15.757 Thread 0x0000021cf7a64000 DEOPT PACKING pc=0x0000021c90226414 sp=0x000000aa988f9900
Event: 15.757 Thread 0x0000021cf7a64000 DEOPT UNPACKING pc=0x0000021c886ea1af sp=0x000000aa988f9780 mode 2
Event: 15.987 Thread 0x0000021cf7a64000 Uncommon trap: trap_request=0xffffff4d fr.pc=0x0000021c9028cc18 relative=0x0000000000000218
Event: 15.987 Thread 0x0000021cf7a64000 Uncommon trap: reason=unstable_if action=reinterpret pc=0x0000021c9028cc18 method=java.util.HashMap.putVal(ILjava/lang/Object;Ljava/lang/Object;ZZ)Ljava/lang/Object; @ 162 c2
Event: 15.987 Thread 0x0000021cf7a64000 DEOPT PACKING pc=0x0000021c9028cc18 sp=0x000000aa988fadd0
Event: 15.987 Thread 0x0000021cf7a64000 DEOPT UNPACKING pc=0x0000021c886ea1af sp=0x000000aa988fad60 mode 2
Event: 16.093 Thread 0x0000021cf7a64000 Uncommon trap: trap_request=0xffffff4d fr.pc=0x0000021c9024e6b4 relative=0x0000000000000194
Event: 16.093 Thread 0x0000021cf7a64000 Uncommon trap: reason=unstable_if action=reinterpret pc=0x0000021c9024e6b4 method=java.nio.Buffer.<init>(IIII)V @ 44 c2
Event: 16.093 Thread 0x0000021cf7a64000 DEOPT PACKING pc=0x0000021c9024e6b4 sp=0x000000aa988fcc00
Event: 16.093 Thread 0x0000021cf7a64000 DEOPT UNPACKING pc=0x0000021c886ea1af sp=0x000000aa988fcb60 mode 2
Event: 16.451 Thread 0x0000021c9d0c9000 Uncommon trap: trap_request=0xffffff4d fr.pc=0x0000021c9024e24c relative=0x00000000000000ac
Event: 16.451 Thread 0x0000021c9d0c9000 Uncommon trap: reason=unstable_if action=reinterpret pc=0x0000021c9024e24c method=java.nio.Buffer.<init>(IIII)V @ 44 c2
Event: 16.451 Thread 0x0000021c9d0c9000 DEOPT PACKING pc=0x0000021c9024e24c sp=0x000000aa9a9fdef0
Event: 16.451 Thread 0x0000021c9d0c9000 DEOPT UNPACKING pc=0x0000021c886ea1af sp=0x000000aa9a9fde78 mode 2
Event: 16.510 Thread 0x0000021c9d0c9000 DEOPT PACKING pc=0x0000021c894ce88e sp=0x000000aa9a9fd700
Event: 16.510 Thread 0x0000021c9d0c9000 DEOPT UNPACKING pc=0x0000021c886ea95e sp=0x000000aa9a9fcb30 mode 0

Classes redefined (0 events):
No events

Internal exceptions (20 events):
Event: 9.860 Thread 0x0000021cf7a64000 Exception <a 'java/lang/NoSuchMethodError'{0x00000000895803f8}: 'java.lang.Object java.lang.invoke.DirectMethodHandle$Holder.invokeSpecialIFC(java.lang.Object, java.lang.Object, java.lang.Object)'> (0x00000000895803f8) thrown at [./src/hotspot/share/interpreter/linkResolver.cpp, line 773]
Event: 9.955 Thread 0x0000021cf7a64000 Implicit null exception at 0x0000021c90230853 to 0x0000021c902319a0
Event: 9.999 Thread 0x0000021cf7a64000 Exception <a 'java/lang/NoSuchMethodError'{0x00000000893736c8}: 'int java.lang.invoke.DirectMethodHandle$Holder.invokeSpecial(java.lang.Object, java.lang.Object, java.lang.Object, java.lang.Object, java.lang.Object)'> (0x00000000893736c8) thrown at [./src/hotspot/share/interpreter/linkResolver.cpp, line 773]
Event: 10.164 Thread 0x0000021cf7a64000 Implicit null exception at 0x0000021c902cd24f to 0x0000021c902cd698
Event: 10.179 Thread 0x0000021cf7a64000 Exception <a 'java/lang/NoSuchMethodError'{0x00000000890073e8}: 'void java.lang.invoke.DelegatingMethodHandle$Holder.delegate(java.lang.Object, java.lang.Object, int, java.lang.Object)'> (0x00000000890073e8) thrown at [./src/hotspot/share/interpreter/linkResolver.cpp, line 773]
Event: 10.305 Thread 0x0000021cf7a64000 Exception <a 'java/lang/NoSuchMethodError'{0x0000000088f2ad70}: 'void java.lang.invoke.DirectMethodHandle$Holder.invokeInterface(java.lang.Object, java.lang.Object, int)'> (0x0000000088f2ad70) thrown at [./src/hotspot/share/interpreter/linkResolver.cpp, line 773]
Event: 10.311 Thread 0x0000021cf7a64000 Exception <a 'java/lang/NoSuchMethodError'{0x0000000088f43118}: 'int java.lang.invoke.DirectMethodHandle$Holder.invokeVirtual(java.lang.Object, java.lang.Object)'> (0x0000000088f43118) thrown at [./src/hotspot/share/interpreter/linkResolver.cpp, line 773]
Event: 10.329 Thread 0x0000021cf7a64000 Exception <a 'java/lang/IncompatibleClassChangeError'{0x0000000088f79308}: Found class java.lang.Object, but interface was expected> (0x0000000088f79308) thrown at [./src/hotspot/share/interpreter/linkResolver.cpp, line 839]
Event: 10.331 Thread 0x0000021cf7a64000 Exception <a 'java/lang/NoSuchMethodError'{0x0000000088f7e1b0}: 'void java.lang.invoke.DirectMethodHandle$Holder.invokeStatic(java.lang.Object, int, java.lang.Object)'> (0x0000000088f7e1b0) thrown at [./src/hotspot/share/interpreter/linkResolver.cpp, line 773]
Event: 10.759 Thread 0x0000021cf7a64000 Exception <a 'java/lang/NoSuchMethodError'{0x0000000088a4e760}: 'java.lang.Object java.lang.invoke.DirectMethodHandle$Holder.invokeStaticInit(java.lang.Object, int, int, int, int)'> (0x0000000088a4e760) thrown at [./src/hotspot/share/interpreter/linkResolver.cpp, line 773]
Event: 11.525 Thread 0x0000021cf7a64000 Exception <a 'java/lang/NoSuchMethodError'{0x0000000088a6e818}: 'java.lang.Object java.lang.invoke.DirectMethodHandle$Holder.invokeStaticInit(java.lang.Object, java.lang.Object, int, int, int, int)'> (0x0000000088a6e818) thrown at [./src/hotspot/share/interpreter/linkResolver.cpp, line 773]
Event: 11.979 Thread 0x0000021cf7a64000 Implicit null exception at 0x0000021c90220b48 to 0x0000021c9022281c
Event: 12.380 Thread 0x0000021cf7a64000 Exception <a 'java/io/FileNotFoundException'{0x0000000087c7f648}> (0x0000000087c7f648) thrown at [./src/hotspot/share/prims/jni.cpp, line 617]
Event: 12.541 Thread 0x0000021cf7a64000 Exception <a 'java/lang/NoSuchMethodError'{0x0000000087a5ecd0}: 'int java.lang.invoke.DirectMethodHandle$Holder.invokeInterface(java.lang.Object, java.lang.Object, java.lang.Object, java.lang.Object)'> (0x0000000087a5ecd0) thrown at [./src/hotspot/share/interpreter/linkResolver.cpp, line 773]
Event: 12.753 Thread 0x0000021cf7a64000 Exception <a 'java/lang/NoSuchMethodError'{0x000000008777f848}: 'long java.lang.invoke.DirectMethodHandle$Holder.invokeVirtual(java.lang.Object, java.lang.Object)'> (0x000000008777f848) thrown at [./src/hotspot/share/interpreter/linkResolver.cpp, line 773]
Event: 12.774 Thread 0x0000021cf7a64000 Exception <a 'java/io/FileNotFoundException'{0x00000000877de2e0}> (0x00000000877de2e0) thrown at [./src/hotspot/share/prims/jni.cpp, line 617]
Event: 13.529 Thread 0x0000021cf7a64000 Implicit null exception at 0x0000021c902ac053 to 0x0000021c902ac2b0
Event: 15.733 Thread 0x0000021cf7a64000 Exception <a 'sun/nio/fs/WindowsException'{0x0000000088c8ba00}> (0x0000000088c8ba00) thrown at [./src/hotspot/share/prims/jni.cpp, line 617]
Event: 15.766 Thread 0x0000021cf7a64000 Exception <a 'java/lang/NoSuchMethodError'{0x0000000088cacdf8}: 'int java.lang.invoke.DirectMethodHandle$Holder.invokeStaticInit(java.lang.Object, java.lang.Object, java.lang.Object, java.lang.Object)'> (0x0000000088cacdf8) thrown at [./src/hotspot/share/interpreter/linkResolver.cpp, line 773]
Event: 16.395 Thread 0x0000021cf7a64000 Exception <a 'java/lang/NoSuchMethodError'{0x000000008c240d28}: 'java.lang.Object java.lang.invoke.DirectMethodHandle$Holder.invokeStaticInit(java.lang.Object, java.lang.Object, java.lang.Object, java.lang.Object)'> (0x000000008c240d28) thrown at [./src/hotspot/share/interpreter/linkResolver.cpp, line 773]

Events (20 events):
Event: 16.502 loading class org/hibernate/boot/model/source/spi/AttributeSource
Event: 16.502 loading class org/hibernate/boot/model/source/spi/AttributeSource done
Event: 16.506 loading class org/hibernate/boot/model/source/spi/FetchableAttributeSource
Event: 16.506 loading class org/hibernate/boot/model/source/spi/FetchableAttributeSource done
Event: 16.506 loading class org/hibernate/boot/model/source/spi/CascadeStyleSource
Event: 16.506 loading class org/hibernate/boot/model/source/spi/CascadeStyleSource done
Event: 16.507 loading class org/hibernate/mapping/PrimitiveArray
Event: 16.507 loading class org/hibernate/mapping/PrimitiveArray done
Event: 16.508 loading class org/hibernate/mapping/Property
Event: 16.508 loading class org/hibernate/mapping/Property done
Event: 16.513 loading class org/hibernate/boot/model/source/internal/hbm/ModelBinder$7
Event: 16.513 loading class org/hibernate/boot/model/source/internal/hbm/ModelBinder$7 done
Event: 16.516 loading class org/hibernate/mapping/SyntheticProperty
Event: 16.516 loading class org/hibernate/mapping/SyntheticProperty done
Event: 16.516 loading class org/hibernate/boot/model/source/spi/AnyMappingSource
Event: 16.516 loading class org/hibernate/boot/model/source/spi/AnyMappingSource done
Event: 16.517 loading class org/hibernate/boot/model/source/internal/hbm/HbmLocalMetadataBuildingContext
Event: 16.517 loading class org/hibernate/boot/model/source/internal/hbm/HbmLocalMetadataBuildingContext done
Event: 16.517 loading class org/hibernate/boot/model/source/spi/LocalMetadataBuildingContext
Event: 16.517 loading class org/hibernate/boot/model/source/spi/LocalMetadataBuildingContext done


Dynamic libraries:
0x00007ff7c0ab0000 - 0x00007ff7c0abd000 	C:\Users\hp\.jdks\corretto-11.0.17\bin\java.exe
0x00007ffc8ab40000 - 0x00007ffc8ad49000 	C:\WINDOWS\SYSTEM32\ntdll.dll
0x00007ffc89fb0000 - 0x00007ffc8a06e000 	C:\WINDOWS\System32\KERNEL32.DLL
0x00007ffc882d0000 - 0x00007ffc8864b000 	C:\WINDOWS\System32\KERNELBASE.dll
0x00007ffc88710000 - 0x00007ffc88821000 	C:\WINDOWS\System32\ucrtbase.dll
0x00007ffc816d0000 - 0x00007ffc816e7000 	C:\Users\hp\.jdks\corretto-11.0.17\bin\jli.dll
0x00007ffc88f80000 - 0x00007ffc8912d000 	C:\WINDOWS\System32\USER32.dll
0x00007ffc88010000 - 0x00007ffc88036000 	C:\WINDOWS\System32\win32u.dll
0x00007ffc8a860000 - 0x00007ffc8a889000 	C:\WINDOWS\System32\GDI32.dll
0x00007ffc881b0000 - 0x00007ffc882c8000 	C:\WINDOWS\System32\gdi32full.dll
0x00007ffc888b0000 - 0x00007ffc8894d000 	C:\WINDOWS\System32\msvcp_win.dll
0x00007ffc81620000 - 0x00007ffc81639000 	C:\Users\hp\.jdks\corretto-11.0.17\bin\VCRUNTIME140.dll
0x00007ffc67500000 - 0x00007ffc677a5000 	C:\WINDOWS\WinSxS\amd64_microsoft.windows.common-controls_6595b64144ccf1df_6.0.22000.120_none_9d947278b86cc467\COMCTL32.dll
0x00007ffc88af0000 - 0x00007ffc88b93000 	C:\WINDOWS\System32\msvcrt.dll
0x00007ffc8a890000 - 0x00007ffc8a8c2000 	C:\WINDOWS\System32\IMM32.DLL
0x00007ffc67860000 - 0x00007ffc678fb000 	C:\Users\hp\.jdks\corretto-11.0.17\bin\msvcp140.dll
0x00007ffc3f5c0000 - 0x00007ffc40145000 	C:\Users\hp\.jdks\corretto-11.0.17\bin\server\jvm.dll
0x00007ffc893c0000 - 0x00007ffc8946e000 	C:\WINDOWS\System32\ADVAPI32.dll
0x00007ffc89130000 - 0x00007ffc891ce000 	C:\WINDOWS\System32\sechost.dll
0x00007ffc8a2d0000 - 0x00007ffc8a3f0000 	C:\WINDOWS\System32\RPCRT4.dll
0x00007ffc89240000 - 0x00007ffc89248000 	C:\WINDOWS\System32\PSAPI.DLL
0x00007ffc28020000 - 0x00007ffc28029000 	C:\WINDOWS\SYSTEM32\WSOCK32.dll
0x00007ffc889c0000 - 0x00007ffc88a2f000 	C:\WINDOWS\System32\WS2_32.dll
0x00007ffc82ad0000 - 0x00007ffc82b03000 	C:\WINDOWS\SYSTEM32\WINMM.dll
0x00007ffc82760000 - 0x00007ffc8276a000 	C:\WINDOWS\SYSTEM32\VERSION.dll
0x00007ffc87160000 - 0x00007ffc87178000 	C:\WINDOWS\SYSTEM32\kernel.appcore.dll
0x00007ffc84de0000 - 0x00007ffc84df0000 	C:\Users\hp\.jdks\corretto-11.0.17\bin\verify.dll
0x00007ffc85aa0000 - 0x00007ffc85cc1000 	C:\WINDOWS\SYSTEM32\DBGHELP.DLL
0x00007ffc5c450000 - 0x00007ffc5c481000 	C:\WINDOWS\SYSTEM32\dbgcore.DLL
0x00007ffc88830000 - 0x00007ffc888af000 	C:\WINDOWS\System32\bcryptPrimitives.dll
0x00007ffc6f9d0000 - 0x00007ffc6f9f8000 	C:\Users\hp\.jdks\corretto-11.0.17\bin\java.dll
0x00007ffc83ac0000 - 0x00007ffc83aca000 	C:\Users\hp\.jdks\corretto-11.0.17\bin\jimage.dll
0x00007ffc84e80000 - 0x00007ffc84e8e000 	C:\Users\hp\.jdks\corretto-11.0.17\bin\instrument.dll
0x00007ffc6fa30000 - 0x00007ffc6fa48000 	C:\Users\hp\.jdks\corretto-11.0.17\bin\zip.dll
0x00007ffc89470000 - 0x00007ffc89c27000 	C:\WINDOWS\System32\SHELL32.dll
0x00007ffc860d0000 - 0x00007ffc86935000 	C:\WINDOWS\SYSTEM32\windows.storage.dll
0x00007ffc89c30000 - 0x00007ffc89fa8000 	C:\WINDOWS\System32\combase.dll
0x00007ffc85f60000 - 0x00007ffc860c6000 	C:\WINDOWS\SYSTEM32\wintypes.dll
0x00007ffc88c80000 - 0x00007ffc88d6a000 	C:\WINDOWS\System32\SHCORE.dll
0x00007ffc8a270000 - 0x00007ffc8a2cd000 	C:\WINDOWS\System32\shlwapi.dll
0x00007ffc87f40000 - 0x00007ffc87f61000 	C:\WINDOWS\SYSTEM32\profapi.dll
0x00007ffc6f440000 - 0x00007ffc6f459000 	C:\Users\hp\.jdks\corretto-11.0.17\bin\net.dll
0x00007ffc824c0000 - 0x00007ffc825d4000 	C:\WINDOWS\SYSTEM32\WINHTTP.dll
0x00007ffc87620000 - 0x00007ffc87687000 	C:\WINDOWS\system32\mswsock.dll
0x00007ffc6d0a0000 - 0x00007ffc6d0b3000 	C:\Users\hp\.jdks\corretto-11.0.17\bin\nio.dll
0x00007ffc84e10000 - 0x00007ffc84e2a000 	C:\Program Files\JetBrains\IntelliJ IDEA Community Edition 2022.2.3\bin\breakgen64.dll
0x00007ffc83ab0000 - 0x00007ffc83ab9000 	C:\Users\hp\.jdks\corretto-11.0.17\bin\management.dll
0x00007ffc816f0000 - 0x00007ffc816fb000 	C:\Users\hp\.jdks\corretto-11.0.17\bin\management_ext.dll
0x00007ffc553c0000 - 0x00007ffc553d7000 	C:\WINDOWS\system32\napinsp.dll
0x00007ffc553a0000 - 0x00007ffc553bb000 	C:\WINDOWS\system32\pnrpnsp.dll
0x00007ffc86cf0000 - 0x00007ffc86dd8000 	C:\WINDOWS\SYSTEM32\DNSAPI.dll
0x00007ffc86c80000 - 0x00007ffc86cad000 	C:\WINDOWS\SYSTEM32\IPHLPAPI.DLL
0x00007ffc8a8f0000 - 0x00007ffc8a8f9000 	C:\WINDOWS\System32\NSI.dll
0x00007ffc55380000 - 0x00007ffc55392000 	C:\WINDOWS\System32\winrnr.dll
0x00007ffc5fbe0000 - 0x00007ffc5fbf5000 	C:\WINDOWS\system32\wshbth.dll
0x00007ffc55360000 - 0x00007ffc5537f000 	C:\WINDOWS\system32\nlansp_c.dll
0x00007ffc60550000 - 0x00007ffc6055a000 	C:\Windows\System32\rasadhlp.dll
0x00007ffc80e30000 - 0x00007ffc80eb1000 	C:\WINDOWS\System32\fwpuclnt.dll
0x00007ffc87860000 - 0x00007ffc87878000 	C:\WINDOWS\SYSTEM32\CRYPTSP.dll
0x00007ffc870b0000 - 0x00007ffc870e5000 	C:\WINDOWS\system32\rsaenh.dll
0x00007ffc87710000 - 0x00007ffc87739000 	C:\WINDOWS\SYSTEM32\USERENV.dll
0x00007ffc879f0000 - 0x00007ffc87a17000 	C:\WINDOWS\SYSTEM32\bcrypt.dll
0x00007ffc87880000 - 0x00007ffc8788c000 	C:\WINDOWS\SYSTEM32\CRYPTBASE.dll
0x00007ffc827b0000 - 0x00007ffc827c9000 	C:\WINDOWS\SYSTEM32\dhcpcsvc6.DLL
0x00007ffc828f0000 - 0x00007ffc8290e000 	C:\WINDOWS\SYSTEM32\dhcpcsvc.DLL
0x00007ffc6d450000 - 0x00007ffc6d45e000 	C:\Users\hp\.jdks\corretto-11.0.17\bin\sunmscapi.dll
0x00007ffc88040000 - 0x00007ffc881a2000 	C:\WINDOWS\System32\CRYPT32.dll
0x00007ffc879c0000 - 0x00007ffc879e8000 	C:\WINDOWS\SYSTEM32\ncrypt.dll
0x00007ffc87980000 - 0x00007ffc879b7000 	C:\WINDOWS\SYSTEM32\NTASN1.dll
0x00007ffc6ce40000 - 0x00007ffc6ce65000 	C:\Users\hp\.jdks\corretto-11.0.17\bin\sunec.dll

dbghelp: loaded successfully - version: 4.0.5 - missing functions: none
symbol engine: initialized successfully - sym options: 0x614 - pdb path: .;C:\Users\hp\.jdks\corretto-11.0.17\bin;C:\WINDOWS\SYSTEM32;C:\WINDOWS\WinSxS\amd64_microsoft.windows.common-controls_6595b64144ccf1df_6.0.22000.120_none_9d947278b86cc467;C:\Users\hp\.jdks\corretto-11.0.17\bin\server;C:\Program Files\JetBrains\IntelliJ IDEA Community Edition 2022.2.3\bin

VM Arguments:
jvm_args: -javaagent:C:\Program Files\JetBrains\IntelliJ IDEA Community Edition 2022.2.3\lib\idea_rt.jar=63671:C:\Program Files\JetBrains\IntelliJ IDEA Community Edition 2022.2.3\bin -Dfile.encoding=UTF-8 
java_command: com.cybersoft.osahaneat.OsahaneatApplication
java_class_path (initial): D:\java_hoc\osahaneat\osahaneat\osahaneat\osahaneat\target\classes;C:\Users\hp\.m2\repository\org\springframework\boot\spring-boot-starter-data-jpa\2.7.8\spring-boot-starter-data-jpa-2.7.8.jar;C:\Users\hp\.m2\repository\org\springframework\boot\spring-boot-starter-aop\2.7.8\spring-boot-starter-aop-2.7.8.jar;C:\Users\hp\.m2\repository\org\springframework\spring-aop\5.3.25\spring-aop-5.3.25.jar;C:\Users\hp\.m2\repository\org\aspectj\aspectjweaver\1.9.7\aspectjweaver-1.9.7.jar;C:\Users\hp\.m2\repository\org\springframework\boot\spring-boot-starter-jdbc\2.7.8\spring-boot-starter-jdbc-2.7.8.jar;C:\Users\hp\.m2\repository\com\zaxxer\HikariCP\4.0.3\HikariCP-4.0.3.jar;C:\Users\hp\.m2\repository\org\springframework\spring-jdbc\5.3.25\spring-jdbc-5.3.25.jar;C:\Users\hp\.m2\repository\jakarta\transaction\jakarta.transaction-api\1.3.3\jakarta.transaction-api-1.3.3.jar;C:\Users\hp\.m2\repository\jakarta\persistence\jakarta.persistence-api\2.2.3\jakarta.persistence-api-2.2.3.jar;C:\Users\hp\.m2\repository\org\hibernate\hibernate-core\5.6.14.Final\hibernate-core-5.6.14.Final.jar;C:\Users\hp\.m2\repository\org\jboss\logging\jboss-logging\3.4.3.Final\jboss-logging-3.4.3.Final.jar;C:\Users\hp\.m2\repository\net\bytebuddy\byte-buddy\1.12.22\byte-buddy-1.12.22.jar;C:\Users\hp\.m2\repository\antlr\antlr\2.7.7\antlr-2.7.7.jar;C:\Users\hp\.m2\repository\org\jboss\jandex\2.4.2.Final\jandex-2.4.2.Final.jar;C:\Users\hp\.m2\repository\com\fasterxml\classmate\1.5.1\classmate-1.5.1.jar;C:\Users\hp\.m2\repository\org\hibernate\common\hibernate-commons-annotations\5.1.2.Final\hibernate-commons-annotations-5.1.2.Final.jar;C:\Users\hp\.m2\repository\org\glassfish\jaxb\jaxb-runtime\2.3.7\jaxb-runtime-2.3.7.jar;C:\Users\hp\.m2\repository\org\glassfish\jaxb\txw2\2.3.7\txw2-2.3.7.jar;C:\Users\hp\.m2\repository\com\sun\istack\istack-commons-runtime\3.0.12\istack-commons-runtime-3.0.12.jar;C:\Users\hp\.m2\repository\com\sun\activation\jakarta.activation\1.2.2\jakarta.activati
Launcher Type: SUN_STANDARD

[Global flags]
     intx CICompilerCount                          = 4                                         {product} {ergonomic}
     uint ConcGCThreads                            = 2                                         {product} {ergonomic}
     uint G1ConcRefinementThreads                  = 8                                         {product} {ergonomic}
   size_t G1HeapRegionSize                         = 1048576                                   {product} {ergonomic}
    uintx GCDrainStackTargetSize                   = 64                                        {product} {ergonomic}
   size_t InitialHeapSize                          = 132120576                                 {product} {ergonomic}
   size_t MarkStackSize                            = 4194304                                   {product} {ergonomic}
   size_t MaxHeapSize                              = 2097152000                                {product} {ergonomic}
   size_t MaxNewSize                               = 1258291200                                {product} {ergonomic}
   size_t MinHeapDeltaBytes                        = 1048576                                   {product} {ergonomic}
    uintx NonNMethodCodeHeapSize                   = 5836300                                {pd product} {ergonomic}
    uintx NonProfiledCodeHeapSize                  = 122910970                              {pd product} {ergonomic}
    uintx ProfiledCodeHeapSize                     = 122910970                              {pd product} {ergonomic}
    uintx ReservedCodeCacheSize                    = 251658240                              {pd product} {ergonomic}
     bool SegmentedCodeCache                       = true                                      {product} {ergonomic}
     bool UseCompressedClassPointers               = true                                 {lp64_product} {ergonomic}
     bool UseCompressedOops                        = true                                 {lp64_product} {ergonomic}
     bool UseG1GC                                  = true                                      {product} {ergonomic}
     bool UseLargePagesIndividualAllocation        = false                                  {pd product} {ergonomic}

Logging:
Log output configuration:
 #0: stdout all=warning uptime,level,tags
 #1: stderr all=off uptime,level,tags

Environment Variables:
PATH=C:\Program Files\Common Files\Oracle\Java\javapath;C:\windows\system32;C:\windows;C:\windows\System32\Wbem;C:\windows\System32\WindowsPowerShell\v1.0\;C:\windows\System32\OpenSSH\;C:\Program Files (x86)\NVIDIA Corporation\PhysX\Common;C:\Program Files\NVIDIA Corporation\NVIDIA NvDLISR;C:\WINDOWS\system32;C:\WINDOWS;C:\WINDOWS\System32\Wbem;C:\WINDOWS\System32\WindowsPowerShell\v1.0\;C:\WINDOWS\System32\OpenSSH\;C:\Program Files\Docker\Docker\resources\bin;C:\Program Files\Git\cmd;C:\Program Files\Meld\;C:\Users\hp\AppData\Local\Microsoft\WindowsApps;C:\Program Files\JetBrains\IntelliJ IDEA Community Edition 2022.2.3\bin;;C:\Users\hp\AppData\Local\GitHubDesktop\bin;C:\Users\hp\AppData\Local\Programs\Microsoft VS Code\bin;C:\Program Files\JetBrains\IntelliJ IDEA 2021.1.3\bin;
USERNAME=hp
OS=Windows_NT
PROCESSOR_IDENTIFIER=Intel64 Family 6 Model 142 Stepping 12, GenuineIntel
TMP=C:\Users\hp\AppData\Local\Temp
TEMP=C:\Users\hp\AppData\Local\Temp



---------------  S Y S T E M  ---------------

OS: Windows 11 , 64 bit Build 22000 (10.0.22000.1335)
OS uptime: 16 days 23:07 hours
Hyper-V role detected

CPU:total 8 (initial active 8) (4 cores per cpu, 2 threads per core) family 6 model 142 stepping 12 microcode 0xea, cmov, cx8, fxsr, mmx, sse, sse2, sse3, ssse3, sse4.1, sse4.2, popcnt, avx, avx2, aes, clmul, erms, 3dnowpref, lzcnt, ht, tsc, tscinvbit, bmi1, bmi2, adx, fma

Memory: 4k page, system-wide physical 7995M (416M free)
TotalPageFile size 14955M (AvailPageFile size 6M)
current process WorkingSet (physical memory assigned to process): 241M, peak: 241M
current process commit charge ("private bytes"): 333M, peak: 335M

vm_info: OpenJDK 64-Bit Server VM (11.0.17+8-LTS) for windows-amd64 JRE (11.0.17+8-LTS), built on Oct 14 2022 18:02:01 by "Administrator" with MS VC++ 15.9 (VS2017)

END.
