#
# There is insufficient memory for the Java Runtime Environment to continue.
# Native memory allocation (malloc) failed to allocate 666096 bytes for Chunk::new
# Possible reasons:
#   The system is out of physical RAM or swap space
#   The process is running with CompressedOops enabled, and the Java Heap may be blocking the growth of the native heap
# Possible solutions:
#   Reduce memory load on the system
#   Increase physical memory or swap space
#   Check if swap backing store is full
#   Decrease Java heap size (-Xmx/-Xms)
#   Decrease number of Java threads
#   Decrease Java thread stack sizes (-Xss)
#   Set larger code cache with -XX:ReservedCodeCacheSize=
#   JVM is running with Unscaled Compressed Oops mode in which the Java heap is
#     placed in the first 4GB address space. The Java Heap base address is the
#     maximum limit for the native heap growth. Please use -XX:HeapBaseMinAddress
#     to set the Java Heap base and to place the Java Heap above 4GB virtual address.
# This output file may be truncated or incomplete.
#
#  Out of Memory Error (./src/hotspot/share/memory/arena.cpp:197), pid=4100, tid=50256
#
# JRE version: OpenJDK Runtime Environment Corretto-11.0.17.8.1 (11.0.17+8) (build 11.0.17+8-LTS)
# Java VM: OpenJDK 64-Bit Server VM Corretto-11.0.17.8.1 (11.0.17+8-LTS, mixed mode, tiered, compressed oops, g1 gc, windows-amd64)
# No core dump will be written. Minidumps are not enabled by default on client versions of Windows
#

---------------  S U M M A R Y ------------

Command Line: -javaagent:C:\Program Files\JetBrains\IntelliJ IDEA Community Edition 2022.2.3\lib\idea_rt.jar=53209:C:\Program Files\JetBrains\IntelliJ IDEA Community Edition 2022.2.3\bin -Dfile.encoding=UTF-8 com.cybersoft.osahaneat.OsahaneatApplication

Host: Intel(R) Core(TM) i5-10210U CPU @ 1.60GHz, 8 cores, 7G,  Windows 11 , 64 bit Build 22000 (10.0.22000.1335)
Time: Tue Feb 21 20:27:00 2023 SE Asia Standard Time elapsed time: 2.096735 seconds (0d 0h 0m 2s)

---------------  T H R E A D  ---------------

Current thread (0x000002467e4b5000):  JavaThread "C2 CompilerThread0" daemon [_thread_in_native, id=50256, stack(0x000000cbb0300000,0x000000cbb0400000)]


Current CompileTask:
C2:   2096 1777       4       jdk.internal.loader.URLClassPath::getResource (74 bytes)

Stack: [0x000000cbb0300000,0x000000cbb0400000]
Native frames: (J=compiled Java code, j=interpreted, Vv=VM code, C=native code)
V  [jvm.dll+0x61f66a]
V  [jvm.dll+0x7ac889]
V  [jvm.dll+0x7adf78]
V  [jvm.dll+0x7ae653]
V  [jvm.dll+0x24fbe8]
V  [jvm.dll+0xc262c]
V  [jvm.dll+0xc2bec]
V  [jvm.dll+0x2c1a64]
V  [jvm.dll+0x52e3cc]
V  [jvm.dll+0x2088f6]
V  [jvm.dll+0x20aa16]
V  [jvm.dll+0x20806b]
V  [jvm.dll+0x18a3c1]
V  [jvm.dll+0x217894]
V  [jvm.dll+0x215adb]
V  [jvm.dll+0x76f380]
V  [jvm.dll+0x7682b4]
V  [jvm.dll+0x61e4d5]
C  [ucrtbase.dll+0x26c0c]
C  [KERNEL32.DLL+0x155a0]
C  [ntdll.dll+0x485b]


---------------  P R O C E S S  ---------------

Threads class SMR info:
_java_thread_list=0x000002460f2b61e0, length=11, elements={
0x000002466e546800, 0x000002467e4a3000, 0x000002467e4ad800, 0x000002467e49f800,
0x000002467e4a0800, 0x000002467ee08000, 0x000002467e4b5000, 0x000002467e4b6800,
0x000002467ee1e800, 0x000002467ee02800, 0x000002467ee07000
}

Java Threads: ( => current thread )
  0x000002466e546800 JavaThread "main" [_thread_in_vm, id=3840, stack(0x000000cbaf700000,0x000000cbaf800000)]
  0x000002467e4a3000 JavaThread "Reference Handler" daemon [_thread_blocked, id=22508, stack(0x000000cbafe00000,0x000000cbaff00000)]
  0x000002467e4ad800 JavaThread "Finalizer" daemon [_thread_blocked, id=44508, stack(0x000000cbaff00000,0x000000cbb0000000)]
  0x000002467e49f800 JavaThread "Signal Dispatcher" daemon [_thread_blocked, id=19508, stack(0x000000cbb0000000,0x000000cbb0100000)]
  0x000002467e4a0800 JavaThread "Attach Listener" daemon [_thread_blocked, id=9232, stack(0x000000cbb0100000,0x000000cbb0200000)]
  0x000002467ee08000 JavaThread "Service Thread" daemon [_thread_blocked, id=15148, stack(0x000000cbb0200000,0x000000cbb0300000)]
=>0x000002467e4b5000 JavaThread "C2 CompilerThread0" daemon [_thread_in_native, id=50256, stack(0x000000cbb0300000,0x000000cbb0400000)]
  0x000002467e4b6800 JavaThread "C1 CompilerThread0" daemon [_thread_blocked, id=8904, stack(0x000000cbb0400000,0x000000cbb0500000)]
  0x000002467ee1e800 JavaThread "Sweeper thread" daemon [_thread_blocked, id=15696, stack(0x000000cbb0500000,0x000000cbb0600000)]
  0x000002467ee02800 JavaThread "Common-Cleaner" daemon [_thread_blocked, id=34496, stack(0x000000cbb0600000,0x000000cbb0700000)]
  0x000002467ee07000 JavaThread "Monitor Ctrl-Break" daemon [_thread_in_native, id=29596, stack(0x000000cbb0700000,0x000000cbb0800000)]

Other Threads:
  0x000002467e48d800 VMThread "VM Thread" [stack: 0x000000cbafd00000,0x000000cbafe00000] [id=16064]
  0x000002467f3b6800 WatcherThread [stack: 0x000000cbb0800000,0x000000cbb0900000] [id=5660]
  0x000002466e55d000 GCTaskThread "GC Thread#0" [stack: 0x000000cbaf800000,0x000000cbaf900000] [id=15968]
  0x000002460f125000 GCTaskThread "GC Thread#1" [stack: 0x000000cbb0900000,0x000000cbb0a00000] [id=3164]
  0x000002460f04f800 GCTaskThread "GC Thread#2" [stack: 0x000000cbb0a00000,0x000000cbb0b00000] [id=13776]
  0x000002460f602800 GCTaskThread "GC Thread#3" [stack: 0x000000cbb0c00000,0x000000cbb0d00000] [id=34032]
  0x000002466e591000 ConcurrentGCThread "G1 Main Marker" [stack: 0x000000cbaf900000,0x000000cbafa00000] [id=22464]
  0x000002466e593000 ConcurrentGCThread "G1 Conc#0" [stack: 0x000000cbafa00000,0x000000cbafb00000] [id=51356]
  0x000002467f8c3000 ConcurrentGCThread "G1 Conc#1" [stack: 0x000000cbb0d00000,0x000000cbb0e00000] [id=50896]
  0x000002466e61e800 ConcurrentGCThread "G1 Refine#0" [stack: 0x000000cbafb00000,0x000000cbafc00000] [id=53044]
  0x000002467e2d6800 ConcurrentGCThread "G1 Young RemSet Sampling" [stack: 0x000000cbafc00000,0x000000cbafd00000] [id=20636]

Threads with active compile tasks:
C2 CompilerThread0     2116 1777       4       jdk.internal.loader.URLClassPath::getResource (74 bytes)
C1 CompilerThread0     2116 1963       3       org.springframework.core.annotation.MergedAnnotationsCollection::isMappingForType (33 bytes)

VM state:not at safepoint (normal execution)

VM Mutex/Monitor currently owned by a thread: None

Heap address: 0x0000000083000000, size: 2000 MB, Compressed Oops mode: 32-bit
Narrow klass base: 0x0000000000000000, Narrow klass shift: 3
Compressed class space size: 1073741824 Address: 0x0000000100000000

Heap:
 garbage-first heap   total 129024K, used 10648K [0x0000000083000000, 0x0000000100000000)
  region size 1024K, 6 young (6144K), 4 survivors (4096K)
 Metaspace       used 25711K, capacity 26348K, committed 26672K, reserved 1079296K
  class space    used 2864K, capacity 3119K, committed 3200K, reserved 1048576K
Heap Regions: E=young(eden), S=young(survivor), O=old, HS=humongous(starts), HC=humongous(continues), CS=collection set, F=free, A=archive, TAMS=top-at-mark-start (previous, next)
|   0|0x0000000083000000, 0x0000000083100000, 0x0000000083100000|100%|HS|  |TAMS 0x0000000083100000, 0x0000000083000000| Complete 
|   1|0x0000000083100000, 0x0000000083200000, 0x0000000083200000|100%| O|  |TAMS 0x0000000083200000, 0x0000000083100000| Untracked 
|   2|0x0000000083200000, 0x0000000083300000, 0x0000000083300000|100%| O|  |TAMS 0x0000000083300000, 0x0000000083200000| Untracked 
|   3|0x0000000083300000, 0x0000000083400000, 0x0000000083400000|100%| O|  |TAMS 0x0000000083400000, 0x0000000083300000| Untracked 
|   4|0x0000000083400000, 0x0000000083500000, 0x0000000083500000|100%| O|  |TAMS 0x0000000083500000, 0x0000000083400000| Untracked 
|   5|0x0000000083500000, 0x0000000083600000, 0x0000000083600000|100%| O|  |TAMS 0x0000000083600000, 0x0000000083500000| Untracked 
|   6|0x0000000083600000, 0x000000008360a800, 0x0000000083700000|  4%| O|  |TAMS 0x000000008360a800, 0x0000000083600000| Untracked 
|   7|0x0000000083700000, 0x0000000083700000, 0x0000000083800000|  0%| F|  |TAMS 0x0000000083700000, 0x0000000083700000| Untracked 
|   8|0x0000000083800000, 0x0000000083800000, 0x0000000083900000|  0%| F|  |TAMS 0x0000000083800000, 0x0000000083800000| Untracked 
|   9|0x0000000083900000, 0x0000000083900000, 0x0000000083a00000|  0%| F|  |TAMS 0x0000000083900000, 0x0000000083900000| Untracked 
|  10|0x0000000083a00000, 0x0000000083a00000, 0x0000000083b00000|  0%| F|  |TAMS 0x0000000083a00000, 0x0000000083a00000| Untracked 
|  11|0x0000000083b00000, 0x0000000083b00000, 0x0000000083c00000|  0%| F|  |TAMS 0x0000000083b00000, 0x0000000083b00000| Untracked 
|  12|0x0000000083c00000, 0x0000000083c00000, 0x0000000083d00000|  0%| F|  |TAMS 0x0000000083c00000, 0x0000000083c00000| Untracked 
|  13|0x0000000083d00000, 0x0000000083d00000, 0x0000000083e00000|  0%| F|  |TAMS 0x0000000083d00000, 0x0000000083d00000| Untracked 
|  14|0x0000000083e00000, 0x0000000083e00000, 0x0000000083f00000|  0%| F|  |TAMS 0x0000000083e00000, 0x0000000083e00000| Untracked 
|  15|0x0000000083f00000, 0x0000000083f00000, 0x0000000084000000|  0%| F|  |TAMS 0x0000000083f00000, 0x0000000083f00000| Untracked 
|  16|0x0000000084000000, 0x0000000084000000, 0x0000000084100000|  0%| F|  |TAMS 0x0000000084000000, 0x0000000084000000| Untracked 
|  17|0x0000000084100000, 0x0000000084100000, 0x0000000084200000|  0%| F|  |TAMS 0x0000000084100000, 0x0000000084100000| Untracked 
|  18|0x0000000084200000, 0x0000000084200000, 0x0000000084300000|  0%| F|  |TAMS 0x0000000084200000, 0x0000000084200000| Untracked 
|  19|0x0000000084300000, 0x0000000084300000, 0x0000000084400000|  0%| F|  |TAMS 0x0000000084300000, 0x0000000084300000| Untracked 
|  20|0x0000000084400000, 0x0000000084400000, 0x0000000084500000|  0%| F|  |TAMS 0x0000000084400000, 0x0000000084400000| Untracked 
|  21|0x0000000084500000, 0x0000000084500000, 0x0000000084600000|  0%| F|  |TAMS 0x0000000084500000, 0x0000000084500000| Untracked 
|  22|0x0000000084600000, 0x0000000084600000, 0x0000000084700000|  0%| F|  |TAMS 0x0000000084600000, 0x0000000084600000| Untracked 
|  23|0x0000000084700000, 0x0000000084700000, 0x0000000084800000|  0%| F|  |TAMS 0x0000000084700000, 0x0000000084700000| Untracked 
|  24|0x0000000084800000, 0x0000000084800000, 0x0000000084900000|  0%| F|  |TAMS 0x0000000084800000, 0x0000000084800000| Untracked 
|  25|0x0000000084900000, 0x0000000084900000, 0x0000000084a00000|  0%| F|  |TAMS 0x0000000084900000, 0x0000000084900000| Untracked 
|  26|0x0000000084a00000, 0x0000000084a00000, 0x0000000084b00000|  0%| F|  |TAMS 0x0000000084a00000, 0x0000000084a00000| Untracked 
|  27|0x0000000084b00000, 0x0000000084b00000, 0x0000000084c00000|  0%| F|  |TAMS 0x0000000084b00000, 0x0000000084b00000| Untracked 
|  28|0x0000000084c00000, 0x0000000084c00000, 0x0000000084d00000|  0%| F|  |TAMS 0x0000000084c00000, 0x0000000084c00000| Untracked 
|  29|0x0000000084d00000, 0x0000000084d00000, 0x0000000084e00000|  0%| F|  |TAMS 0x0000000084d00000, 0x0000000084d00000| Untracked 
|  30|0x0000000084e00000, 0x0000000084e00000, 0x0000000084f00000|  0%| F|  |TAMS 0x0000000084e00000, 0x0000000084e00000| Untracked 
|  31|0x0000000084f00000, 0x0000000084f00000, 0x0000000085000000|  0%| F|  |TAMS 0x0000000084f00000, 0x0000000084f00000| Untracked 
|  32|0x0000000085000000, 0x0000000085000000, 0x0000000085100000|  0%| F|  |TAMS 0x0000000085000000, 0x0000000085000000| Untracked 
|  33|0x0000000085100000, 0x0000000085100000, 0x0000000085200000|  0%| F|  |TAMS 0x0000000085100000, 0x0000000085100000| Untracked 
|  34|0x0000000085200000, 0x0000000085200000, 0x0000000085300000|  0%| F|  |TAMS 0x0000000085200000, 0x0000000085200000| Untracked 
|  35|0x0000000085300000, 0x0000000085300000, 0x0000000085400000|  0%| F|  |TAMS 0x0000000085300000, 0x0000000085300000| Untracked 
|  36|0x0000000085400000, 0x0000000085400000, 0x0000000085500000|  0%| F|  |TAMS 0x0000000085400000, 0x0000000085400000| Untracked 
|  37|0x0000000085500000, 0x0000000085500000, 0x0000000085600000|  0%| F|  |TAMS 0x0000000085500000, 0x0000000085500000| Untracked 
|  38|0x0000000085600000, 0x0000000085600000, 0x0000000085700000|  0%| F|  |TAMS 0x0000000085600000, 0x0000000085600000| Untracked 
|  39|0x0000000085700000, 0x0000000085700000, 0x0000000085800000|  0%| F|  |TAMS 0x0000000085700000, 0x0000000085700000| Untracked 
|  40|0x0000000085800000, 0x0000000085800000, 0x0000000085900000|  0%| F|  |TAMS 0x0000000085800000, 0x0000000085800000| Untracked 
|  41|0x0000000085900000, 0x0000000085900000, 0x0000000085a00000|  0%| F|  |TAMS 0x0000000085900000, 0x0000000085900000| Untracked 
|  42|0x0000000085a00000, 0x0000000085a00000, 0x0000000085b00000|  0%| F|  |TAMS 0x0000000085a00000, 0x0000000085a00000| Untracked 
|  43|0x0000000085b00000, 0x0000000085b00000, 0x0000000085c00000|  0%| F|  |TAMS 0x0000000085b00000, 0x0000000085b00000| Untracked 
|  44|0x0000000085c00000, 0x0000000085c00000, 0x0000000085d00000|  0%| F|  |TAMS 0x0000000085c00000, 0x0000000085c00000| Untracked 
|  45|0x0000000085d00000, 0x0000000085d00000, 0x0000000085e00000|  0%| F|  |TAMS 0x0000000085d00000, 0x0000000085d00000| Untracked 
|  46|0x0000000085e00000, 0x0000000085e00000, 0x0000000085f00000|  0%| F|  |TAMS 0x0000000085e00000, 0x0000000085e00000| Untracked 
|  47|0x0000000085f00000, 0x0000000085f00000, 0x0000000086000000|  0%| F|  |TAMS 0x0000000085f00000, 0x0000000085f00000| Untracked 
|  48|0x0000000086000000, 0x0000000086000000, 0x0000000086100000|  0%| F|  |TAMS 0x0000000086000000, 0x0000000086000000| Untracked 
|  49|0x0000000086100000, 0x0000000086100000, 0x0000000086200000|  0%| F|  |TAMS 0x0000000086100000, 0x0000000086100000| Untracked 
|  50|0x0000000086200000, 0x0000000086200000, 0x0000000086300000|  0%| F|  |TAMS 0x0000000086200000, 0x0000000086200000| Untracked 
|  51|0x0000000086300000, 0x0000000086300000, 0x0000000086400000|  0%| F|  |TAMS 0x0000000086300000, 0x0000000086300000| Untracked 
|  52|0x0000000086400000, 0x0000000086400000, 0x0000000086500000|  0%| F|  |TAMS 0x0000000086400000, 0x0000000086400000| Untracked 
|  53|0x0000000086500000, 0x0000000086500000, 0x0000000086600000|  0%| F|  |TAMS 0x0000000086500000, 0x0000000086500000| Untracked 
|  54|0x0000000086600000, 0x0000000086600000, 0x0000000086700000|  0%| F|  |TAMS 0x0000000086600000, 0x0000000086600000| Untracked 
|  55|0x0000000086700000, 0x0000000086700000, 0x0000000086800000|  0%| F|  |TAMS 0x0000000086700000, 0x0000000086700000| Untracked 
|  56|0x0000000086800000, 0x0000000086800000, 0x0000000086900000|  0%| F|  |TAMS 0x0000000086800000, 0x0000000086800000| Untracked 
|  57|0x0000000086900000, 0x0000000086900000, 0x0000000086a00000|  0%| F|  |TAMS 0x0000000086900000, 0x0000000086900000| Untracked 
|  58|0x0000000086a00000, 0x0000000086a00000, 0x0000000086b00000|  0%| F|  |TAMS 0x0000000086a00000, 0x0000000086a00000| Untracked 
|  59|0x0000000086b00000, 0x0000000086b00000, 0x0000000086c00000|  0%| F|  |TAMS 0x0000000086b00000, 0x0000000086b00000| Untracked 
|  60|0x0000000086c00000, 0x0000000086c00000, 0x0000000086d00000|  0%| F|  |TAMS 0x0000000086c00000, 0x0000000086c00000| Untracked 
|  61|0x0000000086d00000, 0x0000000086d00000, 0x0000000086e00000|  0%| F|  |TAMS 0x0000000086d00000, 0x0000000086d00000| Untracked 
|  62|0x0000000086e00000, 0x0000000086e00000, 0x0000000086f00000|  0%| F|  |TAMS 0x0000000086e00000, 0x0000000086e00000| Untracked 
|  63|0x0000000086f00000, 0x0000000086f00000, 0x0000000087000000|  0%| F|  |TAMS 0x0000000086f00000, 0x0000000086f00000| Untracked 
|  64|0x0000000087000000, 0x0000000087000000, 0x0000000087100000|  0%| F|  |TAMS 0x0000000087000000, 0x0000000087000000| Untracked 
|  65|0x0000000087100000, 0x0000000087100000, 0x0000000087200000|  0%| F|  |TAMS 0x0000000087100000, 0x0000000087100000| Untracked 
|  66|0x0000000087200000, 0x0000000087200000, 0x0000000087300000|  0%| F|  |TAMS 0x0000000087200000, 0x0000000087200000| Untracked 
|  67|0x0000000087300000, 0x0000000087300000, 0x0000000087400000|  0%| F|  |TAMS 0x0000000087300000, 0x0000000087300000| Untracked 
|  68|0x0000000087400000, 0x0000000087400000, 0x0000000087500000|  0%| F|  |TAMS 0x0000000087400000, 0x0000000087400000| Untracked 
|  69|0x0000000087500000, 0x0000000087500000, 0x0000000087600000|  0%| F|  |TAMS 0x0000000087500000, 0x0000000087500000| Untracked 
|  70|0x0000000087600000, 0x0000000087600000, 0x0000000087700000|  0%| F|  |TAMS 0x0000000087600000, 0x0000000087600000| Untracked 
|  71|0x0000000087700000, 0x0000000087700000, 0x0000000087800000|  0%| F|  |TAMS 0x0000000087700000, 0x0000000087700000| Untracked 
|  72|0x0000000087800000, 0x0000000087800000, 0x0000000087900000|  0%| F|  |TAMS 0x0000000087800000, 0x0000000087800000| Untracked 
|  73|0x0000000087900000, 0x0000000087900000, 0x0000000087a00000|  0%| F|  |TAMS 0x0000000087900000, 0x0000000087900000| Untracked 
|  74|0x0000000087a00000, 0x0000000087a00000, 0x0000000087b00000|  0%| F|  |TAMS 0x0000000087a00000, 0x0000000087a00000| Untracked 
|  75|0x0000000087b00000, 0x0000000087b00000, 0x0000000087c00000|  0%| F|  |TAMS 0x0000000087b00000, 0x0000000087b00000| Untracked 
|  76|0x0000000087c00000, 0x0000000087c00000, 0x0000000087d00000|  0%| F|  |TAMS 0x0000000087c00000, 0x0000000087c00000| Untracked 
|  77|0x0000000087d00000, 0x0000000087d00000, 0x0000000087e00000|  0%| F|  |TAMS 0x0000000087d00000, 0x0000000087d00000| Untracked 
|  78|0x0000000087e00000, 0x0000000087e00000, 0x0000000087f00000|  0%| F|  |TAMS 0x0000000087e00000, 0x0000000087e00000| Untracked 
|  79|0x0000000087f00000, 0x0000000087f00000, 0x0000000088000000|  0%| F|  |TAMS 0x0000000087f00000, 0x0000000087f00000| Untracked 
|  80|0x0000000088000000, 0x0000000088000000, 0x0000000088100000|  0%| F|  |TAMS 0x0000000088000000, 0x0000000088000000| Untracked 
|  81|0x0000000088100000, 0x0000000088100000, 0x0000000088200000|  0%| F|  |TAMS 0x0000000088100000, 0x0000000088100000| Untracked 
|  82|0x0000000088200000, 0x0000000088200000, 0x0000000088300000|  0%| F|  |TAMS 0x0000000088200000, 0x0000000088200000| Untracked 
|  83|0x0000000088300000, 0x0000000088300000, 0x0000000088400000|  0%| F|  |TAMS 0x0000000088300000, 0x0000000088300000| Untracked 
|  84|0x0000000088400000, 0x0000000088400000, 0x0000000088500000|  0%| F|  |TAMS 0x0000000088400000, 0x0000000088400000| Untracked 
|  85|0x0000000088500000, 0x0000000088500000, 0x0000000088600000|  0%| F|  |TAMS 0x0000000088500000, 0x0000000088500000| Untracked 
|  86|0x0000000088600000, 0x0000000088600000, 0x0000000088700000|  0%| F|  |TAMS 0x0000000088600000, 0x0000000088600000| Untracked 
|  87|0x0000000088700000, 0x0000000088700000, 0x0000000088800000|  0%| F|  |TAMS 0x0000000088700000, 0x0000000088700000| Untracked 
|  88|0x0000000088800000, 0x0000000088800000, 0x0000000088900000|  0%| F|  |TAMS 0x0000000088800000, 0x0000000088800000| Untracked 
|  89|0x0000000088900000, 0x0000000088900000, 0x0000000088a00000|  0%| F|  |TAMS 0x0000000088900000, 0x0000000088900000| Untracked 
|  90|0x0000000088a00000, 0x0000000088a5bb50, 0x0000000088b00000| 35%| S|CS|TAMS 0x0000000088a00000, 0x0000000088a00000| Complete 
|  91|0x0000000088b00000, 0x0000000088c00000, 0x0000000088c00000|100%| S|CS|TAMS 0x0000000088b00000, 0x0000000088b00000| Complete 
|  92|0x0000000088c00000, 0x0000000088d00000, 0x0000000088d00000|100%| S|CS|TAMS 0x0000000088c00000, 0x0000000088c00000| Complete 
|  93|0x0000000088d00000, 0x0000000088e00000, 0x0000000088e00000|100%| S|CS|TAMS 0x0000000088d00000, 0x0000000088d00000| Complete 
|  94|0x0000000088e00000, 0x0000000088e00000, 0x0000000088f00000|  0%| F|  |TAMS 0x0000000088e00000, 0x0000000088e00000| Untracked 
|  95|0x0000000088f00000, 0x0000000088f00000, 0x0000000089000000|  0%| F|  |TAMS 0x0000000088f00000, 0x0000000088f00000| Untracked 
|  96|0x0000000089000000, 0x0000000089000000, 0x0000000089100000|  0%| F|  |TAMS 0x0000000089000000, 0x0000000089000000| Untracked 
|  97|0x0000000089100000, 0x0000000089100000, 0x0000000089200000|  0%| F|  |TAMS 0x0000000089100000, 0x0000000089100000| Untracked 
|  98|0x0000000089200000, 0x0000000089200000, 0x0000000089300000|  0%| F|  |TAMS 0x0000000089200000, 0x0000000089200000| Untracked 
|  99|0x0000000089300000, 0x0000000089300000, 0x0000000089400000|  0%| F|  |TAMS 0x0000000089300000, 0x0000000089300000| Untracked 
| 100|0x0000000089400000, 0x0000000089400000, 0x0000000089500000|  0%| F|  |TAMS 0x0000000089400000, 0x0000000089400000| Untracked 
| 101|0x0000000089500000, 0x0000000089500000, 0x0000000089600000|  0%| F|  |TAMS 0x0000000089500000, 0x0000000089500000| Untracked 
| 102|0x0000000089600000, 0x0000000089600000, 0x0000000089700000|  0%| F|  |TAMS 0x0000000089600000, 0x0000000089600000| Untracked 
| 103|0x0000000089700000, 0x0000000089700000, 0x0000000089800000|  0%| F|  |TAMS 0x0000000089700000, 0x0000000089700000| Untracked 
| 104|0x0000000089800000, 0x0000000089800000, 0x0000000089900000|  0%| F|  |TAMS 0x0000000089800000, 0x0000000089800000| Untracked 
| 105|0x0000000089900000, 0x0000000089900000, 0x0000000089a00000|  0%| F|  |TAMS 0x0000000089900000, 0x0000000089900000| Untracked 
| 106|0x0000000089a00000, 0x0000000089a00000, 0x0000000089b00000|  0%| F|  |TAMS 0x0000000089a00000, 0x0000000089a00000| Untracked 
| 107|0x0000000089b00000, 0x0000000089b00000, 0x0000000089c00000|  0%| F|  |TAMS 0x0000000089b00000, 0x0000000089b00000| Untracked 
| 108|0x0000000089c00000, 0x0000000089c00000, 0x0000000089d00000|  0%| F|  |TAMS 0x0000000089c00000, 0x0000000089c00000| Untracked 
| 109|0x0000000089d00000, 0x0000000089d00000, 0x0000000089e00000|  0%| F|  |TAMS 0x0000000089d00000, 0x0000000089d00000| Untracked 
| 110|0x0000000089e00000, 0x0000000089e00000, 0x0000000089f00000|  0%| F|  |TAMS 0x0000000089e00000, 0x0000000089e00000| Untracked 
| 111|0x0000000089f00000, 0x0000000089f00000, 0x000000008a000000|  0%| F|  |TAMS 0x0000000089f00000, 0x0000000089f00000| Untracked 
| 112|0x000000008a000000, 0x000000008a000000, 0x000000008a100000|  0%| F|  |TAMS 0x000000008a000000, 0x000000008a000000| Untracked 
| 113|0x000000008a100000, 0x000000008a100000, 0x000000008a200000|  0%| F|  |TAMS 0x000000008a100000, 0x000000008a100000| Untracked 
| 114|0x000000008a200000, 0x000000008a200000, 0x000000008a300000|  0%| F|  |TAMS 0x000000008a200000, 0x000000008a200000| Untracked 
| 115|0x000000008a300000, 0x000000008a300000, 0x000000008a400000|  0%| F|  |TAMS 0x000000008a300000, 0x000000008a300000| Untracked 
| 116|0x000000008a400000, 0x000000008a400000, 0x000000008a500000|  0%| F|  |TAMS 0x000000008a400000, 0x000000008a400000| Untracked 
| 117|0x000000008a500000, 0x000000008a500000, 0x000000008a600000|  0%| F|  |TAMS 0x000000008a500000, 0x000000008a500000| Untracked 
| 118|0x000000008a600000, 0x000000008a600000, 0x000000008a700000|  0%| F|  |TAMS 0x000000008a600000, 0x000000008a600000| Untracked 
| 119|0x000000008a700000, 0x000000008a700000, 0x000000008a800000|  0%| F|  |TAMS 0x000000008a700000, 0x000000008a700000| Untracked 
| 120|0x000000008a800000, 0x000000008a800000, 0x000000008a900000|  0%| F|  |TAMS 0x000000008a800000, 0x000000008a800000| Untracked 
| 121|0x000000008a900000, 0x000000008a900000, 0x000000008aa00000|  0%| F|  |TAMS 0x000000008a900000, 0x000000008a900000| Untracked 
| 122|0x000000008aa00000, 0x000000008aa00000, 0x000000008ab00000|  0%| F|  |TAMS 0x000000008aa00000, 0x000000008aa00000| Untracked 
| 123|0x000000008ab00000, 0x000000008ab00000, 0x000000008ac00000|  0%| F|  |TAMS 0x000000008ab00000, 0x000000008ab00000| Untracked 
| 124|0x000000008ac00000, 0x000000008ac80800, 0x000000008ad00000| 50%| E|  |TAMS 0x000000008ac00000, 0x000000008ac00000| Complete 
| 125|0x000000008ad00000, 0x000000008ae00000, 0x000000008ae00000|100%| E|CS|TAMS 0x000000008ad00000, 0x000000008ad00000| Complete 

Card table byte_map: [0x00000246773e0000,0x00000246777d0000] _byte_map_base: 0x0000024676fc8000

Marking Bits (Prev, Next): (CMBitMap*) 0x000002466e588918, (CMBitMap*) 0x000002466e588950
 Prev Bits: [0x0000024677bc0000, 0x0000024679b00000)
 Next Bits: [0x0000024679b00000, 0x000002467ba40000)

Polling page: 0x000002466c520000

Metaspace:

Usage:
  Non-class:     22.68 MB capacity,    22.31 MB ( 98%) used,   309.57 KB (  1%) free+waste,    71.06 KB ( <1%) overhead. 
      Class:      3.05 MB capacity,     2.80 MB ( 92%) used,   219.91 KB (  7%) free+waste,    34.69 KB (  1%) overhead. 
       Both:     25.73 MB capacity,    25.11 MB ( 98%) used,   529.48 KB (  2%) free+waste,   105.75 KB ( <1%) overhead. 

Virtual space:
  Non-class space:       30.00 MB reserved,      22.92 MB ( 76%) committed 
      Class space:        1.00 GB reserved,       3.13 MB ( <1%) committed 
             Both:        1.03 GB reserved,      26.05 MB (  2%) committed 

Chunk freelists:
   Non-Class:  0 bytes
       Class:  17.00 KB
        Both:  17.00 KB

MaxMetaspaceSize: 17179869184.00 GB
CompressedClassSpaceSize: 1.00 GB
Initial GC threshold: 20.80 MB
Current GC threshold: 43.41 MB
CDS: off

CodeHeap 'non-profiled nmethods': size=120000Kb used=695Kb max_used=695Kb free=119304Kb
 bounds [0x0000024607ad0000, 0x0000024607d40000, 0x000002460f000000]
CodeHeap 'profiled nmethods': size=120000Kb used=3766Kb max_used=3766Kb free=116233Kb
 bounds [0x00000246005a0000, 0x0000024600950000, 0x0000024607ad0000]
CodeHeap 'non-nmethods': size=5760Kb used=1180Kb max_used=1204Kb free=4580Kb
 bounds [0x0000024600000000, 0x0000024600270000, 0x00000246005a0000]
 total_blobs=2396 nmethods=1956 adapters=352
 compilation: enabled
              stopped_count=0, restarted_count=0
 full_count=0

Compilation events (20 events):
Event: 2.083 Thread 0x000002467e4b6800 1920       3       jdk.internal.reflect.Reflection::isSubclassOf (21 bytes)
Event: 2.083 Thread 0x000002467e4b6800 nmethod 1920 0x000002460093d510 code [0x000002460093d6e0, 0x000002460093d908]
Event: 2.083 Thread 0x000002467e4b6800 1921       3       org.springframework.core.annotation.AnnotationsScanner::getDeclaredAnnotation (55 bytes)
Event: 2.084 Thread 0x000002467e4b6800 nmethod 1921 0x000002460093da10 code [0x000002460093dbe0, 0x000002460093df38]
Event: 2.084 Thread 0x000002467e4b6800 1922       3       java.util.concurrent.locks.ReentrantLock$Sync::tryRelease (45 bytes)
Event: 2.084 Thread 0x000002467e4b6800 nmethod 1922 0x000002460093e090 code [0x000002460093e260, 0x000002460093e548]
Event: 2.087 Thread 0x000002467e4b6800 1925       3       java.util.concurrent.ConcurrentMap::computeIfAbsent (51 bytes)
Event: 2.088 Thread 0x000002467e4b6800 nmethod 1925 0x000002460093e610 code [0x000002460093e820, 0x000002460093ed98]
Event: 2.088 Thread 0x000002467e4b6800 1924       3       org.springframework.util.StringUtils::hasText (24 bytes)
Event: 2.088 Thread 0x000002467e4b6800 nmethod 1924 0x000002460093ef10 code [0x000002460093f0e0, 0x000002460093f388]
Event: 2.088 Thread 0x000002467e4b6800 1926       3       java.util.HashMap::remove (26 bytes)
Event: 2.088 Thread 0x000002467e4b6800 nmethod 1926 0x000002460093f490 code [0x000002460093f680, 0x000002460093f9b8]
Event: 2.088 Thread 0x000002467e4b6800 1927       1       org.springframework.core.annotation.AnnotationTypeMapping::getRoot (5 bytes)
Event: 2.088 Thread 0x000002467e4b6800 nmethod 1927 0x0000024607b7b790 code [0x0000024607b7b940, 0x0000024607b7b9f8]
Event: 2.090 Thread 0x000002467e4b6800 1928       3       java.lang.invoke.MemberName$Factory::resolveOrNull (28 bytes)
Event: 2.090 Thread 0x000002467e4b6800 nmethod 1928 0x000002460093fb10 code [0x000002460093fce0, 0x000002460093ff68]
Event: 2.090 Thread 0x000002467e4b6800 1929       3       jdk.internal.reflect.NativeConstructorAccessorImpl::<init> (10 bytes)
Event: 2.090 Thread 0x000002467e4b6800 nmethod 1929 0x0000024600940090 code [0x0000024600940260, 0x00000246009404d8]
Event: 2.090 Thread 0x000002467e4b6800 1930       3       jdk.internal.reflect.DelegatingConstructorAccessorImpl::<init> (10 bytes)
Event: 2.091 Thread 0x000002467e4b6800 nmethod 1930 0x0000024600940610 code [0x00000246009407e0, 0x0000024600940a78]

GC Heap History (5 events):
Event: 0.902 GC heap before
{Heap before GC invocations=0 (full 0):
 garbage-first heap   total 129024K, used 24576K [0x0000000083000000, 0x0000000100000000)
  region size 1024K, 24 young (24576K), 0 survivors (0K)
 Metaspace       used 12426K, capacity 12667K, committed 12928K, reserved 1060864K
  class space    used 1216K, capacity 1294K, committed 1408K, reserved 1048576K
}
Event: 0.908 GC heap after
{Heap after GC invocations=1 (full 0):
 garbage-first heap   total 129024K, used 6498K [0x0000000083000000, 0x0000000100000000)
  region size 1024K, 3 young (3072K), 3 survivors (3072K)
 Metaspace       used 12426K, capacity 12667K, committed 12928K, reserved 1060864K
  class space    used 1216K, capacity 1294K, committed 1408K, reserved 1048576K
}
Event: 1.657 GC heap before
{Heap before GC invocations=1 (full 0):
 garbage-first heap   total 129024K, used 41314K [0x0000000083000000, 0x0000000100000000)
  region size 1024K, 39 young (39936K), 3 survivors (3072K)
 Metaspace       used 20642K, capacity 21149K, committed 21296K, reserved 1069056K
  class space    used 2227K, capacity 2406K, committed 2432K, reserved 1048576K
}
Event: 1.673 GC heap after
{Heap after GC invocations=2 (full 0):
 garbage-first heap   total 129024K, used 8193K [0x0000000083000000, 0x0000000100000000)
  region size 1024K, 5 young (5120K), 5 survivors (5120K)
 Metaspace       used 20642K, capacity 21149K, committed 21296K, reserved 1069056K
  class space    used 2227K, capacity 2406K, committed 2432K, reserved 1048576K
}
Event: 2.091 GC heap before
{Heap before GC invocations=3 (full 0):
 garbage-first heap   total 129024K, used 38913K [0x0000000083000000, 0x0000000100000000)
  region size 1024K, 37 young (37888K), 5 survivors (5120K)
 Metaspace       used 25645K, capacity 26329K, committed 26416K, reserved 1079296K
  class space    used 2855K, capacity 3113K, committed 3200K, reserved 1048576K
}

Deoptimization events (20 events):
Event: 1.939 Thread 0x000002466e546800 Uncommon trap: trap_request=0xffffff4d fr.pc=0x0000024607b24280 relative=0x00000000000016a0
Event: 1.939 Thread 0x000002466e546800 Uncommon trap: reason=unstable_if action=reinterpret pc=0x0000024607b24280 method=java.io.WinNTFileSystem.normalize(Ljava/lang/String;)Ljava/lang/String; @ 128 c2
Event: 1.939 Thread 0x000002466e546800 DEOPT PACKING pc=0x0000024607b24280 sp=0x000000cbaf7fdcb0
Event: 1.939 Thread 0x000002466e546800 DEOPT UNPACKING pc=0x000002460004a1af sp=0x000000cbaf7fdc98 mode 2
Event: 1.939 Thread 0x000002466e546800 Uncommon trap: trap_request=0xffffff4d fr.pc=0x0000024607af00c0 relative=0x0000000000000960
Event: 1.939 Thread 0x000002466e546800 Uncommon trap: reason=unstable_if action=reinterpret pc=0x0000024607af00c0 method=java.util.zip.ZipFile$Source.getEntryPos([BZ)I @ 156 c2
Event: 1.939 Thread 0x000002466e546800 DEOPT PACKING pc=0x0000024607af00c0 sp=0x000000cbaf7fdd50
Event: 1.939 Thread 0x000002466e546800 DEOPT UNPACKING pc=0x000002460004a1af sp=0x000000cbaf7fdcf0 mode 2
Event: 1.962 Thread 0x000002467ee03000 Uncommon trap: trap_request=0xffffff4d fr.pc=0x0000024607b37694 relative=0x0000000000000474
Event: 1.962 Thread 0x000002467ee03000 Uncommon trap: reason=unstable_if action=reinterpret pc=0x0000024607b37694 method=jdk.internal.org.objectweb.asm.Type.getArgumentsAndReturnSizes(Ljava/lang/String;)I @ 47 c2
Event: 1.962 Thread 0x000002467ee03000 DEOPT PACKING pc=0x0000024607b37694 sp=0x000000cbb0bfc770
Event: 1.962 Thread 0x000002467ee03000 DEOPT UNPACKING pc=0x000002460004a1af sp=0x000000cbb0bfc700 mode 2
Event: 1.962 Thread 0x000002467ee03000 Uncommon trap: trap_request=0xffffff4d fr.pc=0x0000024607b63ab8 relative=0x0000000000003778
Event: 1.962 Thread 0x000002467ee03000 Uncommon trap: reason=unstable_if action=reinterpret pc=0x0000024607b63ab8 method=jdk.internal.org.objectweb.asm.Frame.push(Ljdk/internal/org/objectweb/asm/ClassWriter;Ljava/lang/String;)V @ 18 c2
Event: 1.962 Thread 0x000002467ee03000 DEOPT PACKING pc=0x0000024607b63ab8 sp=0x000000cbb0bfc770
Event: 1.962 Thread 0x000002467ee03000 DEOPT UNPACKING pc=0x000002460004a1af sp=0x000000cbb0bfc690 mode 2
Event: 2.086 Thread 0x000002466e546800 Uncommon trap: trap_request=0xffffffde fr.pc=0x0000024607b58548 relative=0x0000000000000b28
Event: 2.086 Thread 0x000002466e546800 Uncommon trap: reason=class_check action=maybe_recompile pc=0x0000024607b58548 method=java.util.HashMap.putVal(ILjava/lang/Object;Ljava/lang/Object;ZZ)Ljava/lang/Object; @ 203 c2
Event: 2.086 Thread 0x000002466e546800 DEOPT PACKING pc=0x0000024607b58548 sp=0x000000cbaf7fafb0
Event: 2.086 Thread 0x000002466e546800 DEOPT UNPACKING pc=0x000002460004a1af sp=0x000000cbaf7faed0 mode 2

Classes redefined (0 events):
No events

Internal exceptions (20 events):
Event: 1.908 Thread 0x000002466e546800 Exception <a 'java/lang/ClassNotFoundException'{0x000000008a0a66c8}: org/springframework/beans/factory/support/BeanDefinitionRegistryPostProcessorCustomizer> (0x000000008a0a66c8) thrown at [./src/hotspot/share/classfile/systemDictionary.cpp, line 230]
Event: 1.908 Thread 0x000002466e546800 Exception <a 'java/lang/ClassNotFoundException'{0x000000008a0b6780}: org/springframework/beans/factory/config/BeanFactoryPostProcessorCustomizer> (0x000000008a0b6780) thrown at [./src/hotspot/share/classfile/systemDictionary.cpp, line 230]
Event: 1.909 Thread 0x000002466e546800 Exception <a 'java/lang/ClassNotFoundException'{0x000000008a0c3ba0}: org/springframework/core/PriorityOrderedCustomizer> (0x000000008a0c3ba0) thrown at [./src/hotspot/share/classfile/systemDictionary.cpp, line 230]
Event: 1.909 Thread 0x000002466e546800 Exception <a 'java/lang/ClassNotFoundException'{0x000000008a0cf038}: org/springframework/core/OrderedCustomizer> (0x000000008a0cf038) thrown at [./src/hotspot/share/classfile/systemDictionary.cpp, line 230]
Event: 1.910 Thread 0x000002466e546800 Exception <a 'java/lang/ClassNotFoundException'{0x0000000089f5b6f8}: org/springframework/context/ResourceLoaderAwareCustomizer> (0x0000000089f5b6f8) thrown at [./src/hotspot/share/classfile/systemDictionary.cpp, line 230]
Event: 1.911 Thread 0x000002466e546800 Exception <a 'java/lang/ClassNotFoundException'{0x0000000089f68820}: org/springframework/beans/factory/AwareCustomizer> (0x0000000089f68820) thrown at [./src/hotspot/share/classfile/systemDictionary.cpp, line 230]
Event: 1.911 Thread 0x000002466e546800 Exception <a 'java/lang/ClassNotFoundException'{0x0000000089f75ef0}: org/springframework/context/ApplicationStartupAwareCustomizer> (0x0000000089f75ef0) thrown at [./src/hotspot/share/classfile/systemDictionary.cpp, line 230]
Event: 1.911 Thread 0x000002466e546800 Exception <a 'java/lang/ClassNotFoundException'{0x0000000089f83290}: org/springframework/beans/factory/AwareCustomizer> (0x0000000089f83290) thrown at [./src/hotspot/share/classfile/systemDictionary.cpp, line 230]
Event: 1.912 Thread 0x000002466e546800 Exception <a 'java/lang/ClassNotFoundException'{0x0000000089f90db8}: org/springframework/beans/factory/BeanClassLoaderAwareCustomizer> (0x0000000089f90db8) thrown at [./src/hotspot/share/classfile/systemDictionary.cpp, line 230]
Event: 1.912 Thread 0x000002466e546800 Exception <a 'java/lang/ClassNotFoundException'{0x0000000089f9def8}: org/springframework/beans/factory/AwareCustomizer> (0x0000000089f9def8) thrown at [./src/hotspot/share/classfile/systemDictionary.cpp, line 230]
Event: 1.913 Thread 0x000002466e546800 Exception <a 'java/lang/ClassNotFoundException'{0x0000000089faa9e0}: org/springframework/context/EnvironmentAwareCustomizer> (0x0000000089faa9e0) thrown at [./src/hotspot/share/classfile/systemDictionary.cpp, line 230]
Event: 1.914 Thread 0x000002466e546800 Exception <a 'java/lang/ClassNotFoundException'{0x0000000089fb7a98}: org/springframework/beans/factory/AwareCustomizer> (0x0000000089fb7a98) thrown at [./src/hotspot/share/classfile/systemDictionary.cpp, line 230]
Event: 1.938 Thread 0x000002466e546800 Exception <a 'java/lang/NoSuchMethodError'{0x0000000089cbbb20}: 'java.lang.Object java.lang.invoke.DirectMethodHandle$Holder.invokeVirtual(java.lang.Object, java.lang.Object, java.lang.Object)'> (0x0000000089cbbb20) thrown at [./src/hotspot/share/interpreter/linkResolver.cpp, line 773]
Event: 1.962 Thread 0x000002467ee03000 Exception <a 'java/lang/NoSuchMethodError'{0x00000000899d3b30}: 'long java.lang.invoke.DirectMethodHandle$Holder.invokeSpecial(java.lang.Object, java.lang.Object)'> (0x00000000899d3b30) thrown at [./src/hotspot/share/interpreter/linkResolver.cpp, line 773]
Event: 1.964 Thread 0x000002467ee03000 Exception <a 'java/lang/NoSuchMethodError'{0x00000000899ddee8}: 'long java.lang.invoke.DirectMethodHandle$Holder.invokeStatic(java.lang.Object, java.lang.Object)'> (0x00000000899ddee8) thrown at [./src/hotspot/share/interpreter/linkResolver.cpp, line 773]
Event: 1.964 Thread 0x000002467ee03000 Exception <a 'java/lang/NoSuchMethodError'{0x00000000899e0d10}: 'long java.lang.invoke.DirectMethodHandle$Holder.invokeStaticInit(java.lang.Object, java.lang.Object)'> (0x00000000899e0d10) thrown at [./src/hotspot/share/interpreter/linkResolver.cpp, line 773]
Event: 1.967 Thread 0x000002467ee03000 Exception <a 'java/lang/NoSuchMethodError'{0x00000000899ed1d0}: 'long java.lang.invoke.DirectMethodHandle$Holder.invokeInterface(java.lang.Object, java.lang.Object)'> (0x00000000899ed1d0) thrown at [./src/hotspot/share/interpreter/linkResolver.cpp, line 773]
Event: 1.968 Thread 0x000002467ee03000 Exception <a 'java/lang/IncompatibleClassChangeError'{0x00000000899eff68}: Found class java.lang.Object, but interface was expected> (0x00000000899eff68) thrown at [./src/hotspot/share/interpreter/linkResolver.cpp, line 839]
Event: 1.981 Thread 0x000002467ee03000 Exception <a 'java/lang/NoSuchMethodError'{0x00000000897286f8}: 'java.lang.Object java.lang.invoke.DirectMethodHandle$Holder.invokeVirtual(java.lang.Object, java.lang.Object, java.lang.Object, java.lang.Object)'> (0x00000000897286f8) thrown at [./src/hotspot/share/interpreter/linkResolver.cpp, line 773]
Event: 2.063 Thread 0x000002466e546800 Exception <a 'java/lang/IncompatibleClassChangeError'{0x00000000890b5648}: Found class java.lang.Object, but interface was expected> (0x00000000890b5648) thrown at [./src/hotspot/share/interpreter/linkResolver.cpp, line 839]

Events (20 events):
Event: 2.087 loading class org/springframework/boot/context/properties/ConfigurationProperties done
Event: 2.088 loading class org/springframework/core/type/filter/AssignableTypeFilter
Event: 2.088 loading class org/springframework/core/type/filter/AssignableTypeFilter done
Event: 2.088 loading class org/springframework/core/annotation/MergedAnnotationsCollection$AnnotationsSpliterator
Event: 2.088 loading class org/springframework/core/annotation/MergedAnnotationsCollection$AnnotationsSpliterator done
Event: 2.089 loading class org/springframework/core/annotation/MergedAnnotation
Event: 2.089 loading class org/springframework/core/annotation/MergedAnnotation done
Event: 2.089 loading class org/springframework/core/annotation/MergedAnnotationPredicates
Event: 2.089 loading class org/springframework/core/annotation/MergedAnnotationPredicates done
Event: 2.089 loading class org/springframework/core/annotation/MergedAnnotationPredicates$UniquePredicate
Event: 2.089 loading class org/springframework/core/annotation/MergedAnnotationPredicates$UniquePredicate done
Event: 2.090 loading class org/springframework/core/annotation/MergedAnnotation
Event: 2.090 loading class org/springframework/core/annotation/MergedAnnotation done
Event: 2.090 loading class org/springframework/core/annotation/MergedAnnotation
Event: 2.090 loading class org/springframework/core/annotation/MergedAnnotation done
Event: 2.090 loading class org/springframework/util/MultiValueMap
Event: 2.090 loading class org/springframework/util/MultiValueMap done
Event: 2.090 loading class org/springframework/util/MultiValueMap
Event: 2.090 loading class org/springframework/util/MultiValueMap done
Event: 2.091 Executing VM operation: CollectForMetadataAllocation


Dynamic libraries:
0x00007ff6705d0000 - 0x00007ff6705dd000 	C:\Users\hp\.jdks\corretto-11.0.17\bin\java.exe
0x00007ffc8ab40000 - 0x00007ffc8ad49000 	C:\WINDOWS\SYSTEM32\ntdll.dll
0x00007ffc89fb0000 - 0x00007ffc8a06e000 	C:\WINDOWS\System32\KERNEL32.DLL
0x00007ffc882d0000 - 0x00007ffc8864b000 	C:\WINDOWS\System32\KERNELBASE.dll
0x00007ffc88710000 - 0x00007ffc88821000 	C:\WINDOWS\System32\ucrtbase.dll
0x00007ffc6f440000 - 0x00007ffc6f457000 	C:\Users\hp\.jdks\corretto-11.0.17\bin\jli.dll
0x00007ffc6d0a0000 - 0x00007ffc6d0b9000 	C:\Users\hp\.jdks\corretto-11.0.17\bin\VCRUNTIME140.dll
0x00007ffc88f80000 - 0x00007ffc8912d000 	C:\WINDOWS\System32\USER32.dll
0x00007ffc67500000 - 0x00007ffc677a5000 	C:\WINDOWS\WinSxS\amd64_microsoft.windows.common-controls_6595b64144ccf1df_6.0.22000.120_none_9d947278b86cc467\COMCTL32.dll
0x00007ffc88af0000 - 0x00007ffc88b93000 	C:\WINDOWS\System32\msvcrt.dll
0x00007ffc88010000 - 0x00007ffc88036000 	C:\WINDOWS\System32\win32u.dll
0x00007ffc8a860000 - 0x00007ffc8a889000 	C:\WINDOWS\System32\GDI32.dll
0x00007ffc881b0000 - 0x00007ffc882c8000 	C:\WINDOWS\System32\gdi32full.dll
0x00007ffc888b0000 - 0x00007ffc8894d000 	C:\WINDOWS\System32\msvcp_win.dll
0x00007ffc8a890000 - 0x00007ffc8a8c2000 	C:\WINDOWS\System32\IMM32.DLL
0x00007ffc3fe60000 - 0x00007ffc3fefb000 	C:\Users\hp\.jdks\corretto-11.0.17\bin\msvcp140.dll
0x00007ffc32060000 - 0x00007ffc32be5000 	C:\Users\hp\.jdks\corretto-11.0.17\bin\server\jvm.dll
0x00007ffc893c0000 - 0x00007ffc8946e000 	C:\WINDOWS\System32\ADVAPI32.dll
0x00007ffc89130000 - 0x00007ffc891ce000 	C:\WINDOWS\System32\sechost.dll
0x00007ffc8a2d0000 - 0x00007ffc8a3f0000 	C:\WINDOWS\System32\RPCRT4.dll
0x00007ffc89240000 - 0x00007ffc89248000 	C:\WINDOWS\System32\PSAPI.DLL
0x00007ffc28020000 - 0x00007ffc28029000 	C:\WINDOWS\SYSTEM32\WSOCK32.dll
0x00007ffc82ad0000 - 0x00007ffc82b03000 	C:\WINDOWS\SYSTEM32\WINMM.dll
0x00007ffc889c0000 - 0x00007ffc88a2f000 	C:\WINDOWS\System32\WS2_32.dll
0x00007ffc82760000 - 0x00007ffc8276a000 	C:\WINDOWS\SYSTEM32\VERSION.dll
0x00007ffc87160000 - 0x00007ffc87178000 	C:\WINDOWS\SYSTEM32\kernel.appcore.dll
0x00007ffc6d450000 - 0x00007ffc6d460000 	C:\Users\hp\.jdks\corretto-11.0.17\bin\verify.dll
0x00007ffc85aa0000 - 0x00007ffc85cc1000 	C:\WINDOWS\SYSTEM32\DBGHELP.DLL
0x00007ffc5c450000 - 0x00007ffc5c481000 	C:\WINDOWS\SYSTEM32\dbgcore.DLL
0x00007ffc88830000 - 0x00007ffc888af000 	C:\WINDOWS\System32\bcryptPrimitives.dll
0x00007ffc6ce40000 - 0x00007ffc6ce68000 	C:\Users\hp\.jdks\corretto-11.0.17\bin\java.dll
0x00007ffc67840000 - 0x00007ffc6784a000 	C:\Users\hp\.jdks\corretto-11.0.17\bin\jimage.dll
0x00007ffc68f60000 - 0x00007ffc68f6e000 	C:\Users\hp\.jdks\corretto-11.0.17\bin\instrument.dll
0x00007ffc67820000 - 0x00007ffc67838000 	C:\Users\hp\.jdks\corretto-11.0.17\bin\zip.dll
0x00007ffc89470000 - 0x00007ffc89c27000 	C:\WINDOWS\System32\SHELL32.dll
0x00007ffc860d0000 - 0x00007ffc86935000 	C:\WINDOWS\SYSTEM32\windows.storage.dll
0x00007ffc89c30000 - 0x00007ffc89fa8000 	C:\WINDOWS\System32\combase.dll
0x00007ffc85f60000 - 0x00007ffc860c6000 	C:\WINDOWS\SYSTEM32\wintypes.dll
0x00007ffc88c80000 - 0x00007ffc88d6a000 	C:\WINDOWS\System32\SHCORE.dll
0x00007ffc8a270000 - 0x00007ffc8a2cd000 	C:\WINDOWS\System32\shlwapi.dll
0x00007ffc87f40000 - 0x00007ffc87f61000 	C:\WINDOWS\SYSTEM32\profapi.dll
0x00007ffc677e0000 - 0x00007ffc677f9000 	C:\Users\hp\.jdks\corretto-11.0.17\bin\net.dll
0x00007ffc824c0000 - 0x00007ffc825d4000 	C:\WINDOWS\SYSTEM32\WINHTTP.dll
0x00007ffc87620000 - 0x00007ffc87687000 	C:\WINDOWS\system32\mswsock.dll
0x00007ffc612a0000 - 0x00007ffc612b3000 	C:\Users\hp\.jdks\corretto-11.0.17\bin\nio.dll
0x00007ffc68f40000 - 0x00007ffc68f5a000 	C:\Program Files\JetBrains\IntelliJ IDEA Community Edition 2022.2.3\bin\breakgen64.dll
0x00007ffc66110000 - 0x00007ffc66119000 	C:\Users\hp\.jdks\corretto-11.0.17\bin\management.dll
0x00007ffc66010000 - 0x00007ffc6601b000 	C:\Users\hp\.jdks\corretto-11.0.17\bin\management_ext.dll
0x00007ffc553c0000 - 0x00007ffc553d7000 	C:\WINDOWS\system32\napinsp.dll
0x00007ffc553a0000 - 0x00007ffc553bb000 	C:\WINDOWS\system32\pnrpnsp.dll
0x00007ffc86cf0000 - 0x00007ffc86dd8000 	C:\WINDOWS\SYSTEM32\DNSAPI.dll
0x00007ffc86c80000 - 0x00007ffc86cad000 	C:\WINDOWS\SYSTEM32\IPHLPAPI.DLL
0x00007ffc8a8f0000 - 0x00007ffc8a8f9000 	C:\WINDOWS\System32\NSI.dll
0x00007ffc55380000 - 0x00007ffc55392000 	C:\WINDOWS\System32\winrnr.dll
0x00007ffc5fbe0000 - 0x00007ffc5fbf5000 	C:\WINDOWS\system32\wshbth.dll
0x00007ffc55360000 - 0x00007ffc5537f000 	C:\WINDOWS\system32\nlansp_c.dll
0x00007ffc60550000 - 0x00007ffc6055a000 	C:\Windows\System32\rasadhlp.dll
0x00007ffc80e30000 - 0x00007ffc80eb1000 	C:\WINDOWS\System32\fwpuclnt.dll

dbghelp: loaded successfully - version: 4.0.5 - missing functions: none
symbol engine: initialized successfully - sym options: 0x614 - pdb path: .;C:\Users\hp\.jdks\corretto-11.0.17\bin;C:\WINDOWS\SYSTEM32;C:\WINDOWS\WinSxS\amd64_microsoft.windows.common-controls_6595b64144ccf1df_6.0.22000.120_none_9d947278b86cc467;C:\Users\hp\.jdks\corretto-11.0.17\bin\server;C:\Program Files\JetBrains\IntelliJ IDEA Community Edition 2022.2.3\bin

VM Arguments:
jvm_args: -javaagent:C:\Program Files\JetBrains\IntelliJ IDEA Community Edition 2022.2.3\lib\idea_rt.jar=53209:C:\Program Files\JetBrains\IntelliJ IDEA Community Edition 2022.2.3\bin -Dfile.encoding=UTF-8 
java_command: com.cybersoft.osahaneat.OsahaneatApplication
java_class_path (initial): D:\java_hoc\osahaneat\osahaneat\osahaneat\osahaneat\target\classes;C:\Users\hp\.m2\repository\org\springframework\boot\spring-boot-starter-data-jpa\2.7.8\spring-boot-starter-data-jpa-2.7.8.jar;C:\Users\hp\.m2\repository\org\springframework\boot\spring-boot-starter-aop\2.7.8\spring-boot-starter-aop-2.7.8.jar;C:\Users\hp\.m2\repository\org\springframework\spring-aop\5.3.25\spring-aop-5.3.25.jar;C:\Users\hp\.m2\repository\org\aspectj\aspectjweaver\1.9.7\aspectjweaver-1.9.7.jar;C:\Users\hp\.m2\repository\org\springframework\boot\spring-boot-starter-jdbc\2.7.8\spring-boot-starter-jdbc-2.7.8.jar;C:\Users\hp\.m2\repository\com\zaxxer\HikariCP\4.0.3\HikariCP-4.0.3.jar;C:\Users\hp\.m2\repository\org\springframework\spring-jdbc\5.3.25\spring-jdbc-5.3.25.jar;C:\Users\hp\.m2\repository\jakarta\transaction\jakarta.transaction-api\1.3.3\jakarta.transaction-api-1.3.3.jar;C:\Users\hp\.m2\repository\jakarta\persistence\jakarta.persistence-api\2.2.3\jakarta.persistence-api-2.2.3.jar;C:\Users\hp\.m2\repository\org\hibernate\hibernate-core\5.6.14.Final\hibernate-core-5.6.14.Final.jar;C:\Users\hp\.m2\repository\org\jboss\logging\jboss-logging\3.4.3.Final\jboss-logging-3.4.3.Final.jar;C:\Users\hp\.m2\repository\net\bytebuddy\byte-buddy\1.12.22\byte-buddy-1.12.22.jar;C:\Users\hp\.m2\repository\antlr\antlr\2.7.7\antlr-2.7.7.jar;C:\Users\hp\.m2\repository\org\jboss\jandex\2.4.2.Final\jandex-2.4.2.Final.jar;C:\Users\hp\.m2\repository\com\fasterxml\classmate\1.5.1\classmate-1.5.1.jar;C:\Users\hp\.m2\repository\org\hibernate\common\hibernate-commons-annotations\5.1.2.Final\hibernate-commons-annotations-5.1.2.Final.jar;C:\Users\hp\.m2\repository\org\glassfish\jaxb\jaxb-runtime\2.3.7\jaxb-runtime-2.3.7.jar;C:\Users\hp\.m2\repository\org\glassfish\jaxb\txw2\2.3.7\txw2-2.3.7.jar;C:\Users\hp\.m2\repository\com\sun\istack\istack-commons-runtime\3.0.12\istack-commons-runtime-3.0.12.jar;C:\Users\hp\.m2\repository\com\sun\activation\jakarta.activation\1.2.2\jakarta.activati
Launcher Type: SUN_STANDARD

[Global flags]
     intx CICompilerCount                          = 4                                         {product} {ergonomic}
     uint ConcGCThreads                            = 2                                         {product} {ergonomic}
     uint G1ConcRefinementThreads                  = 8                                         {product} {ergonomic}
   size_t G1HeapRegionSize                         = 1048576                                   {product} {ergonomic}
    uintx GCDrainStackTargetSize                   = 64                                        {product} {ergonomic}
   size_t InitialHeapSize                          = 132120576                                 {product} {ergonomic}
   size_t MarkStackSize                            = 4194304                                   {product} {ergonomic}
   size_t MaxHeapSize                              = 2097152000                                {product} {ergonomic}
   size_t MaxNewSize                               = 1258291200                                {product} {ergonomic}
   size_t MinHeapDeltaBytes                        = 1048576                                   {product} {ergonomic}
    uintx NonNMethodCodeHeapSize                   = 5836300                                {pd product} {ergonomic}
    uintx NonProfiledCodeHeapSize                  = 122910970                              {pd product} {ergonomic}
    uintx ProfiledCodeHeapSize                     = 122910970                              {pd product} {ergonomic}
    uintx ReservedCodeCacheSize                    = 251658240                              {pd product} {ergonomic}
     bool SegmentedCodeCache                       = true                                      {product} {ergonomic}
     bool UseCompressedClassPointers               = true                                 {lp64_product} {ergonomic}
     bool UseCompressedOops                        = true                                 {lp64_product} {ergonomic}
     bool UseG1GC                                  = true                                      {product} {ergonomic}
     bool UseLargePagesIndividualAllocation        = false                                  {pd product} {ergonomic}

Logging:
Log output configuration:
 #0: stdout all=warning uptime,level,tags
 #1: stderr all=off uptime,level,tags

Environment Variables:
PATH=C:\Program Files\Common Files\Oracle\Java\javapath;C:\windows\system32;C:\windows;C:\windows\System32\Wbem;C:\windows\System32\WindowsPowerShell\v1.0\;C:\windows\System32\OpenSSH\;C:\Program Files (x86)\NVIDIA Corporation\PhysX\Common;C:\Program Files\NVIDIA Corporation\NVIDIA NvDLISR;C:\WINDOWS\system32;C:\WINDOWS;C:\WINDOWS\System32\Wbem;C:\WINDOWS\System32\WindowsPowerShell\v1.0\;C:\WINDOWS\System32\OpenSSH\;C:\Program Files\Docker\Docker\resources\bin;C:\Program Files\Git\cmd;C:\Program Files\Meld\;C:\Users\hp\AppData\Local\Microsoft\WindowsApps;C:\Program Files\JetBrains\IntelliJ IDEA Community Edition 2022.2.3\bin;;C:\Users\hp\AppData\Local\GitHubDesktop\bin;C:\Users\hp\AppData\Local\Programs\Microsoft VS Code\bin;C:\Program Files\JetBrains\IntelliJ IDEA 2021.1.3\bin;
USERNAME=hp
OS=Windows_NT
PROCESSOR_IDENTIFIER=Intel64 Family 6 Model 142 Stepping 12, GenuineIntel
TMP=C:\Users\hp\AppData\Local\Temp
TEMP=C:\Users\hp\AppData\Local\Temp



---------------  S Y S T E M  ---------------

OS: Windows 11 , 64 bit Build 22000 (10.0.22000.1335)
OS uptime: 17 days 0:16 hours
Hyper-V role detected

CPU:total 8 (initial active 8) (4 cores per cpu, 2 threads per core) family 6 model 142 stepping 12 microcode 0xea, cmov, cx8, fxsr, mmx, sse, sse2, sse3, ssse3, sse4.1, sse4.2, popcnt, avx, avx2, aes, clmul, erms, 3dnowpref, lzcnt, ht, tsc, tscinvbit, bmi1, bmi2, adx, fma

Memory: 4k page, system-wide physical 7995M (206M free)
TotalPageFile size 13600M (AvailPageFile size 3M)
current process WorkingSet (physical memory assigned to process): 129M, peak: 129M
current process commit charge ("private bytes"): 245M, peak: 246M

vm_info: OpenJDK 64-Bit Server VM (11.0.17+8-LTS) for windows-amd64 JRE (11.0.17+8-LTS), built on Oct 14 2022 18:02:01 by "Administrator" with MS VC++ 15.9 (VS2017)

END.
